2025-03-17T09:52:41.528+05:30  INFO 32696 --- [HospitalManagement] [main] c.c.h.m.service.PatientServiceImplTest   : Starting PatientServiceImplTest using Java 17.0.11 with PID 32696 (started by Vilas Sangre in C:\Personal\D Drive\cg\SpringBoot\HospitalManagementUsingDTO)
2025-03-17T09:52:41.541+05:30  INFO 32696 --- [HospitalManagement] [main] c.c.h.m.service.PatientServiceImplTest   : No active profile set, falling back to 1 default profile: "default"
2025-03-17T09:52:44.302+05:30  INFO 32696 --- [HospitalManagement] [main] .s.d.r.c.RepositoryConfigurationDelegate : Bootstrapping Spring Data JPA repositories in DEFAULT mode.
2025-03-17T09:52:44.519+05:30  INFO 32696 --- [HospitalManagement] [main] .s.d.r.c.RepositoryConfigurationDelegate : Finished Spring Data repository scanning in 183 ms. Found 3 JPA repository interfaces.
2025-03-17T09:52:46.969+05:30  INFO 32696 --- [HospitalManagement] [main] o.hibernate.jpa.internal.util.LogHelper  : HHH000204: Processing PersistenceUnitInfo [name: default]
2025-03-17T09:52:47.414+05:30  INFO 32696 --- [HospitalManagement] [main] org.hibernate.Version                    : HHH000412: Hibernate ORM core version 6.4.10.Final
2025-03-17T09:52:47.914+05:30  INFO 32696 --- [HospitalManagement] [main] o.h.c.internal.RegionFactoryInitiator    : HHH000026: Second-level cache disabled
2025-03-17T09:52:50.611+05:30  INFO 32696 --- [HospitalManagement] [main] o.s.o.j.p.SpringPersistenceUnitInfo      : No LoadTimeWeaver setup: ignoring JPA class transformer
2025-03-17T09:52:50.788+05:30  INFO 32696 --- [HospitalManagement] [main] com.zaxxer.hikari.HikariDataSource       : HikariPool-1 - Starting...
2025-03-17T09:52:53.089+05:30  INFO 32696 --- [HospitalManagement] [main] com.zaxxer.hikari.pool.HikariPool        : HikariPool-1 - Added connection com.mysql.cj.jdbc.ConnectionImpl@766f5049
2025-03-17T09:52:53.098+05:30  INFO 32696 --- [HospitalManagement] [main] com.zaxxer.hikari.HikariDataSource       : HikariPool-1 - Start completed.
2025-03-17T09:52:53.501+05:30  WARN 32696 --- [HospitalManagement] [main] org.hibernate.orm.deprecation            : HHH90000025: MySQL8Dialect does not need to be specified explicitly using 'hibernate.dialect' (remove the property setting and it will be selected by default)
2025-03-17T09:52:53.518+05:30  WARN 32696 --- [HospitalManagement] [main] org.hibernate.orm.deprecation            : HHH90000026: MySQL8Dialect has been deprecated; use org.hibernate.dialect.MySQLDialect instead
2025-03-17T09:52:59.257+05:30  INFO 32696 --- [HospitalManagement] [main] o.h.e.t.j.p.i.JtaPlatformInitiator       : HHH000489: No JTA platform available (set 'hibernate.transaction.jta.platform' to enable JTA platform integration)
2025-03-17T09:52:59.733+05:30  INFO 32696 --- [HospitalManagement] [main] j.LocalContainerEntityManagerFactoryBean : Initialized JPA EntityManagerFactory for persistence unit 'default'
2025-03-17T09:53:01.011+05:30  INFO 32696 --- [HospitalManagement] [main] o.s.d.j.r.query.QueryEnhancerFactory     : Hibernate is in classpath; If applicable, HQL parser will be used.
2025-03-17T09:53:04.613+05:30  WARN 32696 --- [HospitalManagement] [main] JpaBaseConfiguration$JpaWebConfiguration : spring.jpa.open-in-view is enabled by default. Therefore, database queries may be performed during view rendering. Explicitly configure spring.jpa.open-in-view to disable this warning
2025-03-17T09:53:06.077+05:30  INFO 32696 --- [HospitalManagement] [main] c.c.h.m.service.PatientServiceImplTest   : Started PatientServiceImplTest in 25.763 seconds (process running for 31.032)
2025-03-17T09:53:41.261+05:30  INFO 32696 --- [HospitalManagement] [main] c.c.h.m.service.PatientServiceImpl       : PatientServiceImpl method called using @Slf4j For getPatientById 1
2025-03-17T09:53:41.555+05:30  INFO 32696 --- [HospitalManagement] [main] c.c.h.m.service.PatientServiceImpl       : PatientServiceImpl method called using @Slf4j For createPatient
2025-03-17T09:53:41.615+05:30  INFO 32696 --- [HospitalManagement] [main] c.c.h.m.service.PatientServiceImpl       : PatientServiceImpl method called using @Slf4j For getPatientById 1
2025-03-17T09:53:41.753+05:30  INFO 32696 --- [HospitalManagement] [main] t.c.s.AnnotationConfigContextLoaderUtils : Could not detect default configuration classes for test class [com.cg.hospital.management.controller.PatientControllerTest]: PatientControllerTest does not declare any static, non-private, non-final, nested classes annotated with @Configuration.
2025-03-17T09:53:42.123+05:30  INFO 32696 --- [HospitalManagement] [main] .b.t.c.SpringBootTestContextBootstrapper : Found @SpringBootConfiguration com.cg.hospital.management.HospitalManagementApplication for test class com.cg.hospital.management.controller.PatientControllerTest
2025-03-17T09:53:42.159+05:30  INFO 32696 --- [HospitalManagement] [main] o.s.b.d.r.RestartApplicationListener     : Restart disabled due to context in which it is running
2025-03-17T09:53:42.357+05:30  INFO 32696 --- [HospitalManagement] [main] c.c.h.m.c.PatientControllerTest          : Starting PatientControllerTest using Java 17.0.11 with PID 32696 (started by Vilas Sangre in C:\Personal\D Drive\cg\SpringBoot\HospitalManagementUsingDTO)
2025-03-17T09:53:42.358+05:30  INFO 32696 --- [HospitalManagement] [main] c.c.h.m.c.PatientControllerTest          : No active profile set, falling back to 1 default profile: "default"
2025-03-17T09:53:43.994+05:30  INFO 32696 --- [HospitalManagement] [main] o.s.b.t.m.w.SpringBootMockServletContext : Initializing Spring TestDispatcherServlet ''
2025-03-17T09:53:43.995+05:30  INFO 32696 --- [HospitalManagement] [main] o.s.t.web.servlet.TestDispatcherServlet  : Initializing Servlet ''
2025-03-17T09:53:43.999+05:30  INFO 32696 --- [HospitalManagement] [main] o.s.t.web.servlet.TestDispatcherServlet  : Completed initialization in 4 ms
2025-03-17T09:53:44.043+05:30  INFO 32696 --- [HospitalManagement] [main] c.c.h.m.c.PatientControllerTest          : Started PatientControllerTest in 1.886 seconds (process running for 68.997)
2025-03-17T09:53:44.227+05:30  INFO 32696 --- [HospitalManagement] [main] o.s.mock.web.MockServletContext          : Initializing Spring TestDispatcherServlet ''
2025-03-17T09:53:44.228+05:30  INFO 32696 --- [HospitalManagement] [main] o.s.t.web.servlet.TestDispatcherServlet  : Initializing Servlet ''
2025-03-17T09:53:44.231+05:30  INFO 32696 --- [HospitalManagement] [main] o.s.t.web.servlet.TestDispatcherServlet  : Completed initialization in 3 ms
2025-03-17T09:53:46.212+05:30  INFO 32696 --- [HospitalManagement] [main] o.s.mock.web.MockServletContext          : Initializing Spring TestDispatcherServlet ''
2025-03-17T09:53:46.213+05:30  INFO 32696 --- [HospitalManagement] [main] o.s.t.web.servlet.TestDispatcherServlet  : Initializing Servlet ''
2025-03-17T09:53:46.213+05:30  INFO 32696 --- [HospitalManagement] [main] o.s.t.web.servlet.TestDispatcherServlet  : Completed initialization in 0 ms
2025-03-17T09:53:46.330+05:30  INFO 32696 --- [HospitalManagement] [main] o.s.mock.web.MockServletContext          : Initializing Spring TestDispatcherServlet ''
2025-03-17T09:53:46.331+05:30  INFO 32696 --- [HospitalManagement] [main] o.s.t.web.servlet.TestDispatcherServlet  : Initializing Servlet ''
2025-03-17T09:53:46.332+05:30  INFO 32696 --- [HospitalManagement] [main] o.s.t.web.servlet.TestDispatcherServlet  : Completed initialization in 1 ms
2025-03-17T09:53:46.392+05:30  INFO 32696 --- [HospitalManagement] [main] o.s.mock.web.MockServletContext          : Initializing Spring TestDispatcherServlet ''
2025-03-17T09:53:46.392+05:30  INFO 32696 --- [HospitalManagement] [main] o.s.t.web.servlet.TestDispatcherServlet  : Initializing Servlet ''
2025-03-17T09:53:46.393+05:30  INFO 32696 --- [HospitalManagement] [main] o.s.t.web.servlet.TestDispatcherServlet  : Completed initialization in 1 ms
2025-03-17T09:53:46.801+05:30  WARN 32696 --- [HospitalManagement] [main] .w.s.m.s.DefaultHandlerExceptionResolver : Resolved [org.springframework.http.converter.HttpMessageNotReadableException: JSON parse error: Cannot deserialize value of type `java.util.ArrayList<com.cg.hospital.management.model.Address>` from String value (token `JsonToken.VALUE_STRING`)]
2025-03-17T09:53:46.901+05:30  INFO 32696 --- [HospitalManagement] [main] o.s.mock.web.MockServletContext          : Initializing Spring TestDispatcherServlet ''
2025-03-17T09:53:46.901+05:30  INFO 32696 --- [HospitalManagement] [main] o.s.t.web.servlet.TestDispatcherServlet  : Initializing Servlet ''
2025-03-17T09:53:46.902+05:30  INFO 32696 --- [HospitalManagement] [main] o.s.t.web.servlet.TestDispatcherServlet  : Completed initialization in 0 ms
2025-03-17T09:53:46.927+05:30  WARN 32696 --- [HospitalManagement] [main] .w.s.m.s.DefaultHandlerExceptionResolver : Resolved [org.springframework.http.converter.HttpMessageNotReadableException: JSON parse error: Cannot deserialize value of type `java.util.ArrayList<com.cg.hospital.management.model.Address>` from String value (token `JsonToken.VALUE_STRING`)]
2025-03-17T09:53:46.983+05:30  INFO 32696 --- [HospitalManagement] [main] o.s.mock.web.MockServletContext          : Initializing Spring TestDispatcherServlet ''
2025-03-17T09:53:46.984+05:30  INFO 32696 --- [HospitalManagement] [main] o.s.t.web.servlet.TestDispatcherServlet  : Initializing Servlet ''
2025-03-17T09:53:46.984+05:30  INFO 32696 --- [HospitalManagement] [main] o.s.t.web.servlet.TestDispatcherServlet  : Completed initialization in 0 ms
2025-03-17T09:53:47.023+05:30  INFO 32696 --- [HospitalManagement] [main] t.c.s.AnnotationConfigContextLoaderUtils : Could not detect default configuration classes for test class [com.cg.hospital.management.HospitalManagementApplicationTests]: HospitalManagementApplicationTests does not declare any static, non-private, non-final, nested classes annotated with @Configuration.
2025-03-17T09:53:47.046+05:30  INFO 32696 --- [HospitalManagement] [main] .b.t.c.SpringBootTestContextBootstrapper : Found @SpringBootConfiguration com.cg.hospital.management.HospitalManagementApplication for test class com.cg.hospital.management.HospitalManagementApplicationTests
2025-03-17T09:53:49.948+05:30  INFO 32696 --- [HospitalManagement] [SpringApplicationShutdownHook] j.LocalContainerEntityManagerFactoryBean : Closing JPA EntityManagerFactory for persistence unit 'default'
2025-03-17T09:53:49.966+05:30  INFO 32696 --- [HospitalManagement] [SpringApplicationShutdownHook] com.zaxxer.hikari.HikariDataSource       : HikariPool-1 - Shutdown initiated...
2025-03-17T09:53:50.018+05:30  INFO 32696 --- [HospitalManagement] [SpringApplicationShutdownHook] com.zaxxer.hikari.HikariDataSource       : HikariPool-1 - Shutdown completed.
2025-03-17T10:40:38.210+05:30  INFO 13080 --- [HospitalManagement] [main] c.c.h.m.c.PatientControllerTest          : Starting PatientControllerTest using Java 17.0.11 with PID 13080 (started by Vilas Sangre in C:\Personal\D Drive\cg\SpringBoot\HospitalManagementUsingDTO)
2025-03-17T10:40:38.213+05:30  INFO 13080 --- [HospitalManagement] [main] c.c.h.m.c.PatientControllerTest          : No active profile set, falling back to 1 default profile: "default"
2025-03-17T10:40:40.438+05:30  INFO 13080 --- [HospitalManagement] [main] o.s.b.t.m.w.SpringBootMockServletContext : Initializing Spring TestDispatcherServlet ''
2025-03-17T10:40:40.438+05:30  INFO 13080 --- [HospitalManagement] [main] o.s.t.web.servlet.TestDispatcherServlet  : Initializing Servlet ''
2025-03-17T10:40:40.441+05:30  INFO 13080 --- [HospitalManagement] [main] o.s.t.web.servlet.TestDispatcherServlet  : Completed initialization in 3 ms
2025-03-17T10:40:40.512+05:30  INFO 13080 --- [HospitalManagement] [main] c.c.h.m.c.PatientControllerTest          : Started PatientControllerTest in 2.647 seconds (process running for 4.679)
2025-03-17T10:40:40.630+05:30  INFO 13080 --- [HospitalManagement] [main] o.s.mock.web.MockServletContext          : Initializing Spring TestDispatcherServlet ''
2025-03-17T10:40:40.630+05:30  INFO 13080 --- [HospitalManagement] [main] o.s.t.web.servlet.TestDispatcherServlet  : Initializing Servlet ''
2025-03-17T10:40:40.631+05:30  INFO 13080 --- [HospitalManagement] [main] o.s.t.web.servlet.TestDispatcherServlet  : Completed initialization in 1 ms
2025-03-17T10:40:40.965+05:30  INFO 13080 --- [HospitalManagement] [main] o.s.mock.web.MockServletContext          : Initializing Spring TestDispatcherServlet ''
2025-03-17T10:40:40.965+05:30  INFO 13080 --- [HospitalManagement] [main] o.s.t.web.servlet.TestDispatcherServlet  : Initializing Servlet ''
2025-03-17T10:40:40.965+05:30  INFO 13080 --- [HospitalManagement] [main] o.s.t.web.servlet.TestDispatcherServlet  : Completed initialization in 0 ms
2025-03-17T10:40:41.005+05:30  INFO 13080 --- [HospitalManagement] [main] o.s.mock.web.MockServletContext          : Initializing Spring TestDispatcherServlet ''
2025-03-17T10:40:41.006+05:30  INFO 13080 --- [HospitalManagement] [main] o.s.t.web.servlet.TestDispatcherServlet  : Initializing Servlet ''
2025-03-17T10:40:41.006+05:30  INFO 13080 --- [HospitalManagement] [main] o.s.t.web.servlet.TestDispatcherServlet  : Completed initialization in 0 ms
2025-03-17T10:40:41.019+05:30  INFO 13080 --- [HospitalManagement] [main] o.s.mock.web.MockServletContext          : Initializing Spring TestDispatcherServlet ''
2025-03-17T10:40:41.020+05:30  INFO 13080 --- [HospitalManagement] [main] o.s.t.web.servlet.TestDispatcherServlet  : Initializing Servlet ''
2025-03-17T10:40:41.020+05:30  INFO 13080 --- [HospitalManagement] [main] o.s.t.web.servlet.TestDispatcherServlet  : Completed initialization in 0 ms
2025-03-17T10:40:41.107+05:30  WARN 13080 --- [HospitalManagement] [main] .w.s.m.s.DefaultHandlerExceptionResolver : Resolved [org.springframework.http.converter.HttpMessageNotReadableException: JSON parse error: Cannot deserialize value of type `java.util.ArrayList<com.cg.hospital.management.model.Address>` from String value (token `JsonToken.VALUE_STRING`)]
2025-03-17T10:40:41.135+05:30  INFO 13080 --- [HospitalManagement] [main] o.s.mock.web.MockServletContext          : Initializing Spring TestDispatcherServlet ''
2025-03-17T10:40:41.135+05:30  INFO 13080 --- [HospitalManagement] [main] o.s.t.web.servlet.TestDispatcherServlet  : Initializing Servlet ''
2025-03-17T10:40:41.135+05:30  INFO 13080 --- [HospitalManagement] [main] o.s.t.web.servlet.TestDispatcherServlet  : Completed initialization in 0 ms
2025-03-17T10:40:41.138+05:30  WARN 13080 --- [HospitalManagement] [main] .w.s.m.s.DefaultHandlerExceptionResolver : Resolved [org.springframework.http.converter.HttpMessageNotReadableException: JSON parse error: Cannot deserialize value of type `java.util.ArrayList<com.cg.hospital.management.model.Address>` from String value (token `JsonToken.VALUE_STRING`)]
2025-03-17T10:40:41.155+05:30  INFO 13080 --- [HospitalManagement] [main] o.s.mock.web.MockServletContext          : Initializing Spring TestDispatcherServlet ''
2025-03-17T10:40:41.156+05:30  INFO 13080 --- [HospitalManagement] [main] o.s.t.web.servlet.TestDispatcherServlet  : Initializing Servlet ''
2025-03-17T10:40:41.156+05:30  INFO 13080 --- [HospitalManagement] [main] o.s.t.web.servlet.TestDispatcherServlet  : Completed initialization in 0 ms
2025-03-17T10:40:41.173+05:30  INFO 13080 --- [HospitalManagement] [main] t.c.s.AnnotationConfigContextLoaderUtils : Could not detect default configuration classes for test class [com.cg.hospital.management.HospitalManagementApplicationTests]: HospitalManagementApplicationTests does not declare any static, non-private, non-final, nested classes annotated with @Configuration.
2025-03-17T10:40:41.184+05:30  INFO 13080 --- [HospitalManagement] [main] .b.t.c.SpringBootTestContextBootstrapper : Found @SpringBootConfiguration com.cg.hospital.management.HospitalManagementApplication for test class com.cg.hospital.management.HospitalManagementApplicationTests
2025-03-17T10:40:41.203+05:30  INFO 13080 --- [HospitalManagement] [main] o.s.b.d.r.RestartApplicationListener     : Restart disabled due to context in which it is running
2025-03-17T10:40:41.228+05:30  INFO 13080 --- [HospitalManagement] [main] c.h.m.HospitalManagementApplicationTests : Starting HospitalManagementApplicationTests using Java 17.0.11 with PID 13080 (started by Vilas Sangre in C:\Personal\D Drive\cg\SpringBoot\HospitalManagementUsingDTO)
2025-03-17T10:40:41.230+05:30  INFO 13080 --- [HospitalManagement] [main] c.h.m.HospitalManagementApplicationTests : No active profile set, falling back to 1 default profile: "default"
2025-03-17T10:40:42.012+05:30  INFO 13080 --- [HospitalManagement] [main] .s.d.r.c.RepositoryConfigurationDelegate : Bootstrapping Spring Data JPA repositories in DEFAULT mode.
2025-03-17T10:40:42.080+05:30  INFO 13080 --- [HospitalManagement] [main] .s.d.r.c.RepositoryConfigurationDelegate : Finished Spring Data repository scanning in 55 ms. Found 3 JPA repository interfaces.
2025-03-17T10:40:42.511+05:30  INFO 13080 --- [HospitalManagement] [main] o.hibernate.jpa.internal.util.LogHelper  : HHH000204: Processing PersistenceUnitInfo [name: default]
2025-03-17T10:40:42.653+05:30  INFO 13080 --- [HospitalManagement] [main] org.hibernate.Version                    : HHH000412: Hibernate ORM core version 6.4.10.Final
2025-03-17T10:40:42.690+05:30  INFO 13080 --- [HospitalManagement] [main] o.h.c.internal.RegionFactoryInitiator    : HHH000026: Second-level cache disabled
2025-03-17T10:40:42.806+05:30  INFO 13080 --- [HospitalManagement] [main] o.s.o.j.p.SpringPersistenceUnitInfo      : No LoadTimeWeaver setup: ignoring JPA class transformer
2025-03-17T10:40:42.836+05:30  INFO 13080 --- [HospitalManagement] [main] com.zaxxer.hikari.HikariDataSource       : HikariPool-1 - Starting...
2025-03-17T10:40:43.191+05:30  INFO 13080 --- [HospitalManagement] [main] com.zaxxer.hikari.pool.HikariPool        : HikariPool-1 - Added connection com.mysql.cj.jdbc.ConnectionImpl@749ffdc7
2025-03-17T10:40:43.193+05:30  INFO 13080 --- [HospitalManagement] [main] com.zaxxer.hikari.HikariDataSource       : HikariPool-1 - Start completed.
2025-03-17T10:40:43.297+05:30  WARN 13080 --- [HospitalManagement] [main] org.hibernate.orm.deprecation            : HHH90000025: MySQL8Dialect does not need to be specified explicitly using 'hibernate.dialect' (remove the property setting and it will be selected by default)
2025-03-17T10:40:43.299+05:30  WARN 13080 --- [HospitalManagement] [main] org.hibernate.orm.deprecation            : HHH90000026: MySQL8Dialect has been deprecated; use org.hibernate.dialect.MySQLDialect instead
2025-03-17T10:40:44.254+05:30  INFO 13080 --- [HospitalManagement] [main] o.h.e.t.j.p.i.JtaPlatformInitiator       : HHH000489: No JTA platform available (set 'hibernate.transaction.jta.platform' to enable JTA platform integration)
2025-03-17T10:40:44.395+05:30  INFO 13080 --- [HospitalManagement] [main] j.LocalContainerEntityManagerFactoryBean : Initialized JPA EntityManagerFactory for persistence unit 'default'
2025-03-17T10:40:44.883+05:30  INFO 13080 --- [HospitalManagement] [main] o.s.d.j.r.query.QueryEnhancerFactory     : Hibernate is in classpath; If applicable, HQL parser will be used.
2025-03-17T10:40:46.210+05:30  WARN 13080 --- [HospitalManagement] [main] JpaBaseConfiguration$JpaWebConfiguration : spring.jpa.open-in-view is enabled by default. Therefore, database queries may be performed during view rendering. Explicitly configure spring.jpa.open-in-view to disable this warning
2025-03-17T10:40:46.665+05:30  INFO 13080 --- [HospitalManagement] [main] c.h.m.HospitalManagementApplicationTests : Started HospitalManagementApplicationTests in 5.462 seconds (process running for 10.832)
2025-03-17T10:40:46.680+05:30  INFO 13080 --- [HospitalManagement] [main] t.c.s.AnnotationConfigContextLoaderUtils : Could not detect default configuration classes for test class [com.cg.hospital.management.service.PatientServiceImplTest]: PatientServiceImplTest does not declare any static, non-private, non-final, nested classes annotated with @Configuration.
2025-03-17T10:40:46.702+05:30  INFO 13080 --- [HospitalManagement] [main] .b.t.c.SpringBootTestContextBootstrapper : Found @SpringBootConfiguration com.cg.hospital.management.HospitalManagementApplication for test class com.cg.hospital.management.service.PatientServiceImplTest
2025-03-17T10:40:46.911+05:30  INFO 13080 --- [HospitalManagement] [main] c.c.h.m.service.PatientServiceImpl       : PatientServiceImpl method called using @Slf4j For getPatientById 1
2025-03-17T10:40:46.925+05:30  INFO 13080 --- [HospitalManagement] [main] c.c.h.m.service.PatientServiceImpl       : PatientServiceImpl method called using @Slf4j For createPatient
2025-03-17T10:40:46.942+05:30  INFO 13080 --- [HospitalManagement] [main] c.c.h.m.service.PatientServiceImpl       : PatientServiceImpl method called using @Slf4j For getPatientById 1
2025-03-17T10:40:46.975+05:30  INFO 13080 --- [HospitalManagement] [SpringApplicationShutdownHook] j.LocalContainerEntityManagerFactoryBean : Closing JPA EntityManagerFactory for persistence unit 'default'
2025-03-17T10:40:46.981+05:30  INFO 13080 --- [HospitalManagement] [SpringApplicationShutdownHook] com.zaxxer.hikari.HikariDataSource       : HikariPool-1 - Shutdown initiated...
2025-03-17T10:40:46.995+05:30  INFO 13080 --- [HospitalManagement] [SpringApplicationShutdownHook] com.zaxxer.hikari.HikariDataSource       : HikariPool-1 - Shutdown completed.
