2025-02-15T10:13:43.585+05:30  INFO 12268 --- [HospitalManagement] [restartedMain] c.c.h.m.HospitalManagementApplication    : Starting HospitalManagementApplication using Java 17.0.11 with PID 12268 (C:\Personal\D Drive\cg\SpringBoot\HospitalManagementUsingDTO\target\classes started by Vilas Sangre in C:\Personal\D Drive\cg\SpringBoot\HospitalManagementUsingDTO)
2025-02-15T10:13:43.593+05:30  INFO 12268 --- [HospitalManagement] [restartedMain] c.c.h.m.HospitalManagementApplication    : No active profile set, falling back to 1 default profile: "default"
2025-02-15T10:13:43.654+05:30  INFO 12268 --- [HospitalManagement] [restartedMain] .e.DevToolsPropertyDefaultsPostProcessor : Devtools property defaults active! Set 'spring.devtools.add-properties' to 'false' to disable
2025-02-15T10:13:43.654+05:30  INFO 12268 --- [HospitalManagement] [restartedMain] .e.DevToolsPropertyDefaultsPostProcessor : For additional web related logging consider setting the 'logging.level.web' property to 'DEBUG'
2025-02-15T10:13:44.727+05:30  INFO 12268 --- [HospitalManagement] [restartedMain] .s.d.r.c.RepositoryConfigurationDelegate : Bootstrapping Spring Data JPA repositories in DEFAULT mode.
2025-02-15T10:13:44.805+05:30  INFO 12268 --- [HospitalManagement] [restartedMain] .s.d.r.c.RepositoryConfigurationDelegate : Finished Spring Data repository scanning in 69 ms. Found 3 JPA repository interfaces.
2025-02-15T10:13:45.842+05:30  INFO 12268 --- [HospitalManagement] [restartedMain] o.s.b.w.embedded.tomcat.TomcatWebServer  : Tomcat initialized with port 8080 (http)
2025-02-15T10:13:45.884+05:30  INFO 12268 --- [HospitalManagement] [restartedMain] o.apache.catalina.core.StandardService   : Starting service [Tomcat]
2025-02-15T10:13:45.885+05:30  INFO 12268 --- [HospitalManagement] [restartedMain] o.apache.catalina.core.StandardEngine    : Starting Servlet engine: [Apache Tomcat/10.1.31]
2025-02-15T10:13:45.988+05:30  INFO 12268 --- [HospitalManagement] [restartedMain] o.a.c.c.C.[Tomcat].[localhost].[/]       : Initializing Spring embedded WebApplicationContext
2025-02-15T10:13:45.989+05:30  INFO 12268 --- [HospitalManagement] [restartedMain] w.s.c.ServletWebServerApplicationContext : Root WebApplicationContext: initialization completed in 2333 ms
2025-02-15T10:13:46.354+05:30  INFO 12268 --- [HospitalManagement] [restartedMain] o.hibernate.jpa.internal.util.LogHelper  : HHH000204: Processing PersistenceUnitInfo [name: default]
2025-02-15T10:13:46.435+05:30  INFO 12268 --- [HospitalManagement] [restartedMain] org.hibernate.Version                    : HHH000412: Hibernate ORM core version 6.4.10.Final
2025-02-15T10:13:46.472+05:30  INFO 12268 --- [HospitalManagement] [restartedMain] o.h.c.internal.RegionFactoryInitiator    : HHH000026: Second-level cache disabled
2025-02-15T10:13:46.738+05:30  INFO 12268 --- [HospitalManagement] [restartedMain] o.s.o.j.p.SpringPersistenceUnitInfo      : No LoadTimeWeaver setup: ignoring JPA class transformer
2025-02-15T10:13:46.776+05:30  INFO 12268 --- [HospitalManagement] [restartedMain] com.zaxxer.hikari.HikariDataSource       : HikariPool-1 - Starting...
2025-02-15T10:13:47.085+05:30  INFO 12268 --- [HospitalManagement] [restartedMain] com.zaxxer.hikari.pool.HikariPool        : HikariPool-1 - Added connection com.mysql.cj.jdbc.ConnectionImpl@7c1d1d4
2025-02-15T10:13:47.088+05:30  INFO 12268 --- [HospitalManagement] [restartedMain] com.zaxxer.hikari.HikariDataSource       : HikariPool-1 - Start completed.
2025-02-15T10:13:47.136+05:30  WARN 12268 --- [HospitalManagement] [restartedMain] org.hibernate.orm.deprecation            : HHH90000025: MySQL8Dialect does not need to be specified explicitly using 'hibernate.dialect' (remove the property setting and it will be selected by default)
2025-02-15T10:13:47.136+05:30  WARN 12268 --- [HospitalManagement] [restartedMain] org.hibernate.orm.deprecation            : HHH90000026: MySQL8Dialect has been deprecated; use org.hibernate.dialect.MySQLDialect instead
2025-02-15T10:13:48.119+05:30  INFO 12268 --- [HospitalManagement] [restartedMain] o.h.e.t.j.p.i.JtaPlatformInitiator       : HHH000489: No JTA platform available (set 'hibernate.transaction.jta.platform' to enable JTA platform integration)
2025-02-15T10:13:48.210+05:30  INFO 12268 --- [HospitalManagement] [restartedMain] j.LocalContainerEntityManagerFactoryBean : Initialized JPA EntityManagerFactory for persistence unit 'default'
2025-02-15T10:13:48.569+05:30  INFO 12268 --- [HospitalManagement] [restartedMain] o.s.d.j.r.query.QueryEnhancerFactory     : Hibernate is in classpath; If applicable, HQL parser will be used.
2025-02-15T10:13:49.614+05:30  WARN 12268 --- [HospitalManagement] [restartedMain] JpaBaseConfiguration$JpaWebConfiguration : spring.jpa.open-in-view is enabled by default. Therefore, database queries may be performed during view rendering. Explicitly configure spring.jpa.open-in-view to disable this warning
2025-02-15T10:13:50.656+05:30  INFO 12268 --- [HospitalManagement] [restartedMain] o.s.b.d.a.OptionalLiveReloadServer       : LiveReload server is running on port 35729
2025-02-15T10:13:50.848+05:30  INFO 12268 --- [HospitalManagement] [restartedMain] o.s.b.w.embedded.tomcat.TomcatWebServer  : Tomcat started on port 8080 (http) with context path ''
2025-02-15T10:13:50.895+05:30  INFO 12268 --- [HospitalManagement] [restartedMain] c.c.h.m.HospitalManagementApplication    : Started HospitalManagementApplication in 7.75 seconds (process running for 8.222)
2025-02-15T10:13:53.173+05:30  INFO 12268 --- [HospitalManagement] [http-nio-8080-exec-1] o.a.c.c.C.[Tomcat].[localhost].[/]       : Initializing Spring DispatcherServlet 'dispatcherServlet'
2025-02-15T10:13:53.174+05:30  INFO 12268 --- [HospitalManagement] [http-nio-8080-exec-1] o.s.web.servlet.DispatcherServlet        : Initializing Servlet 'dispatcherServlet'
2025-02-15T10:13:53.176+05:30  INFO 12268 --- [HospitalManagement] [http-nio-8080-exec-1] o.s.web.servlet.DispatcherServlet        : Completed initialization in 1 ms
2025-02-15T10:13:54.503+05:30  INFO 12268 --- [HospitalManagement] [http-nio-8080-exec-3] o.springdoc.api.AbstractOpenApiResource  : Init duration for springdoc-openapi is: 1031 ms
2025-02-15T10:17:29.541+05:30  INFO 12268 --- [HospitalManagement] [File Watcher] rtingClassPathChangeChangedEventListener : Restarting due to 1 class path change (0 additions, 0 deletions, 1 modification)
2025-02-15T10:17:29.684+05:30  INFO 12268 --- [HospitalManagement] [Thread-5] j.LocalContainerEntityManagerFactoryBean : Closing JPA EntityManagerFactory for persistence unit 'default'
2025-02-15T10:17:29.687+05:30  INFO 12268 --- [HospitalManagement] [Thread-5] com.zaxxer.hikari.HikariDataSource       : HikariPool-1 - Shutdown initiated...
2025-02-15T10:17:29.696+05:30  INFO 12268 --- [HospitalManagement] [Thread-5] com.zaxxer.hikari.HikariDataSource       : HikariPool-1 - Shutdown completed.
2025-02-15T10:17:29.767+05:30  INFO 12268 --- [HospitalManagement] [restartedMain] c.c.h.m.HospitalManagementApplication    : Starting HospitalManagementApplication using Java 17.0.11 with PID 12268 (C:\Personal\D Drive\cg\SpringBoot\HospitalManagementUsingDTO\target\classes started by Vilas Sangre in C:\Personal\D Drive\cg\SpringBoot\HospitalManagementUsingDTO)
2025-02-15T10:17:29.767+05:30  INFO 12268 --- [HospitalManagement] [restartedMain] c.c.h.m.HospitalManagementApplication    : No active profile set, falling back to 1 default profile: "default"
2025-02-15T10:17:29.923+05:30  INFO 12268 --- [HospitalManagement] [restartedMain] .s.d.r.c.RepositoryConfigurationDelegate : Bootstrapping Spring Data JPA repositories in DEFAULT mode.
2025-02-15T10:17:29.939+05:30  INFO 12268 --- [HospitalManagement] [restartedMain] .s.d.r.c.RepositoryConfigurationDelegate : Finished Spring Data repository scanning in 16 ms. Found 3 JPA repository interfaces.
2025-02-15T10:17:30.043+05:30  INFO 12268 --- [HospitalManagement] [restartedMain] o.s.b.w.embedded.tomcat.TomcatWebServer  : Tomcat initialized with port 8080 (http)
2025-02-15T10:17:30.044+05:30  INFO 12268 --- [HospitalManagement] [restartedMain] o.apache.catalina.core.StandardService   : Starting service [Tomcat]
2025-02-15T10:17:30.044+05:30  INFO 12268 --- [HospitalManagement] [restartedMain] o.apache.catalina.core.StandardEngine    : Starting Servlet engine: [Apache Tomcat/10.1.31]
2025-02-15T10:17:30.058+05:30  INFO 12268 --- [HospitalManagement] [restartedMain] o.a.c.c.C.[Tomcat].[localhost].[/]       : Initializing Spring embedded WebApplicationContext
2025-02-15T10:17:30.058+05:30  INFO 12268 --- [HospitalManagement] [restartedMain] w.s.c.ServletWebServerApplicationContext : Root WebApplicationContext: initialization completed in 290 ms
2025-02-15T10:17:30.084+05:30  INFO 12268 --- [HospitalManagement] [restartedMain] o.hibernate.jpa.internal.util.LogHelper  : HHH000204: Processing PersistenceUnitInfo [name: default]
2025-02-15T10:17:30.086+05:30  INFO 12268 --- [HospitalManagement] [restartedMain] o.h.c.internal.RegionFactoryInitiator    : HHH000026: Second-level cache disabled
2025-02-15T10:17:30.089+05:30  INFO 12268 --- [HospitalManagement] [restartedMain] o.s.o.j.p.SpringPersistenceUnitInfo      : No LoadTimeWeaver setup: ignoring JPA class transformer
2025-02-15T10:17:30.090+05:30  INFO 12268 --- [HospitalManagement] [restartedMain] com.zaxxer.hikari.HikariDataSource       : HikariPool-2 - Starting...
2025-02-15T10:17:30.106+05:30  INFO 12268 --- [HospitalManagement] [restartedMain] com.zaxxer.hikari.pool.HikariPool        : HikariPool-2 - Added connection com.mysql.cj.jdbc.ConnectionImpl@6b0f7e75
2025-02-15T10:17:30.106+05:30  INFO 12268 --- [HospitalManagement] [restartedMain] com.zaxxer.hikari.HikariDataSource       : HikariPool-2 - Start completed.
2025-02-15T10:17:30.107+05:30  WARN 12268 --- [HospitalManagement] [restartedMain] org.hibernate.orm.deprecation            : HHH90000025: MySQL8Dialect does not need to be specified explicitly using 'hibernate.dialect' (remove the property setting and it will be selected by default)
2025-02-15T10:17:30.107+05:30  WARN 12268 --- [HospitalManagement] [restartedMain] org.hibernate.orm.deprecation            : HHH90000026: MySQL8Dialect has been deprecated; use org.hibernate.dialect.MySQLDialect instead
2025-02-15T10:17:30.200+05:30  INFO 12268 --- [HospitalManagement] [restartedMain] o.h.e.t.j.p.i.JtaPlatformInitiator       : HHH000489: No JTA platform available (set 'hibernate.transaction.jta.platform' to enable JTA platform integration)
2025-02-15T10:17:30.232+05:30  INFO 12268 --- [HospitalManagement] [restartedMain] j.LocalContainerEntityManagerFactoryBean : Initialized JPA EntityManagerFactory for persistence unit 'default'
2025-02-15T10:17:30.417+05:30  WARN 12268 --- [HospitalManagement] [restartedMain] JpaBaseConfiguration$JpaWebConfiguration : spring.jpa.open-in-view is enabled by default. Therefore, database queries may be performed during view rendering. Explicitly configure spring.jpa.open-in-view to disable this warning
2025-02-15T10:17:30.510+05:30  INFO 12268 --- [HospitalManagement] [restartedMain] o.s.b.d.a.OptionalLiveReloadServer       : LiveReload server is running on port 35729
2025-02-15T10:17:30.517+05:30  INFO 12268 --- [HospitalManagement] [restartedMain] o.s.b.w.embedded.tomcat.TomcatWebServer  : Tomcat started on port 8080 (http) with context path ''
2025-02-15T10:17:30.521+05:30  INFO 12268 --- [HospitalManagement] [restartedMain] c.c.h.m.HospitalManagementApplication    : Started HospitalManagementApplication in 0.776 seconds (process running for 227.847)
2025-02-15T10:17:30.524+05:30  INFO 12268 --- [HospitalManagement] [restartedMain] .ConditionEvaluationDeltaLoggingListener : Condition evaluation unchanged
2025-02-15T10:17:45.735+05:30  INFO 12268 --- [HospitalManagement] [http-nio-8080-exec-1] o.a.c.c.C.[Tomcat].[localhost].[/]       : Initializing Spring DispatcherServlet 'dispatcherServlet'
2025-02-15T10:17:45.737+05:30  INFO 12268 --- [HospitalManagement] [http-nio-8080-exec-1] o.s.web.servlet.DispatcherServlet        : Initializing Servlet 'dispatcherServlet'
2025-02-15T10:17:45.738+05:30  INFO 12268 --- [HospitalManagement] [http-nio-8080-exec-1] o.s.web.servlet.DispatcherServlet        : Completed initialization in 1 ms
2025-02-15T10:17:45.857+05:30  WARN 12268 --- [HospitalManagement] [http-nio-8080-exec-1] .m.m.a.ExceptionHandlerExceptionResolver : Resolved [org.springframework.web.bind.MethodArgumentNotValidException: Validation failed for argument [0] in public org.springframework.http.ResponseEntity<com.cg.hospital.management.dto.DoctorDTO> com.cg.hospital.management.controller.DoctorController.save(com.cg.hospital.management.dto.DoctorDTO): [Field error in object 'doctorDTO' on field 'firstName': rejected value [null]; codes [NotBlank.doctorDTO.firstName,NotBlank.firstName,NotBlank.java.lang.String,NotBlank]; arguments [org.springframework.context.support.DefaultMessageSourceResolvable: codes [doctorDTO.firstName,firstName]; arguments []; default message [firstName]]; default message [FirstName Should not be Empty]] ]
2025-02-15T10:19:04.789+05:30  WARN 12268 --- [HospitalManagement] [http-nio-8080-exec-3] .m.m.a.ExceptionHandlerExceptionResolver : Resolved [org.springframework.web.bind.MethodArgumentNotValidException: Validation failed for argument [0] in public org.springframework.http.ResponseEntity<com.cg.hospital.management.dto.DoctorDTO> com.cg.hospital.management.controller.DoctorController.save(com.cg.hospital.management.dto.DoctorDTO): [Field error in object 'doctorDTO' on field 'firstName': rejected value [null]; codes [NotBlank.doctorDTO.firstName,NotBlank.firstName,NotBlank.java.lang.String,NotBlank]; arguments [org.springframework.context.support.DefaultMessageSourceResolvable: codes [doctorDTO.firstName,firstName]; arguments []; default message [firstName]]; default message [FirstName Should not be Empty]] ]
2025-02-15T10:19:11.811+05:30  WARN 12268 --- [HospitalManagement] [http-nio-8080-exec-5] .m.m.a.ExceptionHandlerExceptionResolver : Resolved [org.springframework.web.bind.MethodArgumentNotValidException: Validation failed for argument [0] in public org.springframework.http.ResponseEntity<com.cg.hospital.management.dto.DoctorDTO> com.cg.hospital.management.controller.DoctorController.save(com.cg.hospital.management.dto.DoctorDTO) with 2 errors: [Field error in object 'doctorDTO' on field 'firstName': rejected value [null]; codes [NotBlank.doctorDTO.firstName,NotBlank.firstName,NotBlank.java.lang.String,NotBlank]; arguments [org.springframework.context.support.DefaultMessageSourceResolvable: codes [doctorDTO.firstName,firstName]; arguments []; default message [firstName]]; default message [FirstName Should not be Empty]] [Field error in object 'doctorDTO' on field 'lastName': rejected value [null]; codes [NotBlank.doctorDTO.lastName,NotBlank.lastName,NotBlank.java.lang.String,NotBlank]; arguments [org.springframework.context.support.DefaultMessageSourceResolvable: codes [doctorDTO.lastName,lastName]; arguments []; default message [lastName]]; default message [Last Name Should not be Blank]] ]
2025-02-15T10:20:15.439+05:30  INFO 12268 --- [HospitalManagement] [File Watcher] rtingClassPathChangeChangedEventListener : Restarting due to 1 class path change (0 additions, 0 deletions, 1 modification)
2025-02-15T10:20:15.570+05:30  INFO 12268 --- [HospitalManagement] [Thread-7] j.LocalContainerEntityManagerFactoryBean : Closing JPA EntityManagerFactory for persistence unit 'default'
2025-02-15T10:20:15.570+05:30  INFO 12268 --- [HospitalManagement] [Thread-7] com.zaxxer.hikari.HikariDataSource       : HikariPool-2 - Shutdown initiated...
2025-02-15T10:20:15.575+05:30  INFO 12268 --- [HospitalManagement] [Thread-7] com.zaxxer.hikari.HikariDataSource       : HikariPool-2 - Shutdown completed.
2025-02-15T10:20:15.631+05:30  INFO 12268 --- [HospitalManagement] [restartedMain] c.c.h.m.HospitalManagementApplication    : Starting HospitalManagementApplication using Java 17.0.11 with PID 12268 (C:\Personal\D Drive\cg\SpringBoot\HospitalManagementUsingDTO\target\classes started by Vilas Sangre in C:\Personal\D Drive\cg\SpringBoot\HospitalManagementUsingDTO)
2025-02-15T10:20:15.631+05:30  INFO 12268 --- [HospitalManagement] [restartedMain] c.c.h.m.HospitalManagementApplication    : No active profile set, falling back to 1 default profile: "default"
2025-02-15T10:20:15.814+05:30  INFO 12268 --- [HospitalManagement] [restartedMain] .s.d.r.c.RepositoryConfigurationDelegate : Bootstrapping Spring Data JPA repositories in DEFAULT mode.
2025-02-15T10:20:15.833+05:30  INFO 12268 --- [HospitalManagement] [restartedMain] .s.d.r.c.RepositoryConfigurationDelegate : Finished Spring Data repository scanning in 19 ms. Found 3 JPA repository interfaces.
2025-02-15T10:20:15.895+05:30  INFO 12268 --- [HospitalManagement] [restartedMain] o.s.b.w.embedded.tomcat.TomcatWebServer  : Tomcat initialized with port 8080 (http)
2025-02-15T10:20:15.897+05:30  INFO 12268 --- [HospitalManagement] [restartedMain] o.apache.catalina.core.StandardService   : Starting service [Tomcat]
2025-02-15T10:20:15.897+05:30  INFO 12268 --- [HospitalManagement] [restartedMain] o.apache.catalina.core.StandardEngine    : Starting Servlet engine: [Apache Tomcat/10.1.31]
2025-02-15T10:20:15.914+05:30  INFO 12268 --- [HospitalManagement] [restartedMain] o.a.c.c.C.[Tomcat].[localhost].[/]       : Initializing Spring embedded WebApplicationContext
2025-02-15T10:20:15.914+05:30  INFO 12268 --- [HospitalManagement] [restartedMain] w.s.c.ServletWebServerApplicationContext : Root WebApplicationContext: initialization completed in 283 ms
2025-02-15T10:20:15.933+05:30  INFO 12268 --- [HospitalManagement] [restartedMain] o.hibernate.jpa.internal.util.LogHelper  : HHH000204: Processing PersistenceUnitInfo [name: default]
2025-02-15T10:20:15.934+05:30  INFO 12268 --- [HospitalManagement] [restartedMain] o.h.c.internal.RegionFactoryInitiator    : HHH000026: Second-level cache disabled
2025-02-15T10:20:15.938+05:30  INFO 12268 --- [HospitalManagement] [restartedMain] o.s.o.j.p.SpringPersistenceUnitInfo      : No LoadTimeWeaver setup: ignoring JPA class transformer
2025-02-15T10:20:15.938+05:30  INFO 12268 --- [HospitalManagement] [restartedMain] com.zaxxer.hikari.HikariDataSource       : HikariPool-3 - Starting...
2025-02-15T10:20:15.950+05:30  INFO 12268 --- [HospitalManagement] [restartedMain] com.zaxxer.hikari.pool.HikariPool        : HikariPool-3 - Added connection com.mysql.cj.jdbc.ConnectionImpl@1306d4be
2025-02-15T10:20:15.950+05:30  INFO 12268 --- [HospitalManagement] [restartedMain] com.zaxxer.hikari.HikariDataSource       : HikariPool-3 - Start completed.
2025-02-15T10:20:15.950+05:30  WARN 12268 --- [HospitalManagement] [restartedMain] org.hibernate.orm.deprecation            : HHH90000025: MySQL8Dialect does not need to be specified explicitly using 'hibernate.dialect' (remove the property setting and it will be selected by default)
2025-02-15T10:20:15.950+05:30  WARN 12268 --- [HospitalManagement] [restartedMain] org.hibernate.orm.deprecation            : HHH90000026: MySQL8Dialect has been deprecated; use org.hibernate.dialect.MySQLDialect instead
2025-02-15T10:20:16.027+05:30  INFO 12268 --- [HospitalManagement] [restartedMain] o.h.e.t.j.p.i.JtaPlatformInitiator       : HHH000489: No JTA platform available (set 'hibernate.transaction.jta.platform' to enable JTA platform integration)
2025-02-15T10:20:16.056+05:30  INFO 12268 --- [HospitalManagement] [restartedMain] j.LocalContainerEntityManagerFactoryBean : Initialized JPA EntityManagerFactory for persistence unit 'default'
2025-02-15T10:20:16.202+05:30  WARN 12268 --- [HospitalManagement] [restartedMain] JpaBaseConfiguration$JpaWebConfiguration : spring.jpa.open-in-view is enabled by default. Therefore, database queries may be performed during view rendering. Explicitly configure spring.jpa.open-in-view to disable this warning
2025-02-15T10:20:16.272+05:30  INFO 12268 --- [HospitalManagement] [restartedMain] o.s.b.d.a.OptionalLiveReloadServer       : LiveReload server is running on port 35729
2025-02-15T10:20:16.281+05:30  INFO 12268 --- [HospitalManagement] [restartedMain] o.s.b.w.embedded.tomcat.TomcatWebServer  : Tomcat started on port 8080 (http) with context path ''
2025-02-15T10:20:16.291+05:30  INFO 12268 --- [HospitalManagement] [restartedMain] c.c.h.m.HospitalManagementApplication    : Started HospitalManagementApplication in 0.677 seconds (process running for 393.617)
2025-02-15T10:20:16.292+05:30  INFO 12268 --- [HospitalManagement] [restartedMain] .ConditionEvaluationDeltaLoggingListener : Condition evaluation unchanged
2025-02-15T10:20:28.764+05:30  INFO 12268 --- [HospitalManagement] [http-nio-8080-exec-2] o.a.c.c.C.[Tomcat].[localhost].[/]       : Initializing Spring DispatcherServlet 'dispatcherServlet'
2025-02-15T10:20:28.764+05:30  INFO 12268 --- [HospitalManagement] [http-nio-8080-exec-2] o.s.web.servlet.DispatcherServlet        : Initializing Servlet 'dispatcherServlet'
2025-02-15T10:20:28.765+05:30  INFO 12268 --- [HospitalManagement] [http-nio-8080-exec-2] o.s.web.servlet.DispatcherServlet        : Completed initialization in 1 ms
2025-02-15T10:20:28.773+05:30  WARN 12268 --- [HospitalManagement] [http-nio-8080-exec-2] .m.m.a.ExceptionHandlerExceptionResolver : Resolved [org.springframework.web.bind.MethodArgumentNotValidException: Validation failed for argument [0] in public org.springframework.http.ResponseEntity<com.cg.hospital.management.dto.DoctorDTO> com.cg.hospital.management.controller.DoctorController.save(com.cg.hospital.management.dto.DoctorDTO) with 2 errors: [Field error in object 'doctorDTO' on field 'lastName': rejected value [null]; codes [NotBlank.doctorDTO.lastName,NotBlank.lastName,NotBlank.java.lang.String,NotBlank]; arguments [org.springframework.context.support.DefaultMessageSourceResolvable: codes [doctorDTO.lastName,lastName]; arguments []; default message [lastName]]; default message [Last Name Should not be Blank]] [Field error in object 'doctorDTO' on field 'firstName': rejected value [null]; codes [NotBlank.doctorDTO.firstName,NotBlank.firstName,NotBlank.java.lang.String,NotBlank]; arguments [org.springframework.context.support.DefaultMessageSourceResolvable: codes [doctorDTO.firstName,firstName]; arguments []; default message [firstName]]; default message [FirstName Should not be Empty]] ]
2025-02-15T10:21:19.722+05:30  WARN 12268 --- [HospitalManagement] [http-nio-8080-exec-3] .m.m.a.ExceptionHandlerExceptionResolver : Resolved [org.springframework.web.bind.MethodArgumentNotValidException: Validation failed for argument [0] in public org.springframework.http.ResponseEntity<com.cg.hospital.management.dto.DoctorDTO> com.cg.hospital.management.controller.DoctorController.save(com.cg.hospital.management.dto.DoctorDTO) with 3 errors: [Field error in object 'doctorDTO' on field 'lastName': rejected value [null]; codes [NotBlank.doctorDTO.lastName,NotBlank.lastName,NotBlank.java.lang.String,NotBlank]; arguments [org.springframework.context.support.DefaultMessageSourceResolvable: codes [doctorDTO.lastName,lastName]; arguments []; default message [lastName]]; default message [Last Name Should not be Blank]] [Field error in object 'doctorDTO' on field 'age': rejected value [0]; codes [Min.doctorDTO.age,Min.age,Min.int,Min]; arguments [org.springframework.context.support.DefaultMessageSourceResolvable: codes [doctorDTO.age,age]; arguments []; default message [age],16]; default message [must be greater than or equal to 16]] [Field error in object 'doctorDTO' on field 'firstName': rejected value [null]; codes [NotBlank.doctorDTO.firstName,NotBlank.firstName,NotBlank.java.lang.String,NotBlank]; arguments [org.springframework.context.support.DefaultMessageSourceResolvable: codes [doctorDTO.firstName,firstName]; arguments []; default message [firstName]]; default message [FirstName Should not be Empty]] ]
2025-02-15T10:21:30.736+05:30  INFO 12268 --- [HospitalManagement] [File Watcher] rtingClassPathChangeChangedEventListener : Restarting due to 1 class path change (0 additions, 0 deletions, 1 modification)
2025-02-15T10:21:30.885+05:30  INFO 12268 --- [HospitalManagement] [Thread-11] j.LocalContainerEntityManagerFactoryBean : Closing JPA EntityManagerFactory for persistence unit 'default'
2025-02-15T10:21:30.886+05:30  INFO 12268 --- [HospitalManagement] [Thread-11] com.zaxxer.hikari.HikariDataSource       : HikariPool-3 - Shutdown initiated...
2025-02-15T10:21:30.890+05:30  INFO 12268 --- [HospitalManagement] [Thread-11] com.zaxxer.hikari.HikariDataSource       : HikariPool-3 - Shutdown completed.
2025-02-15T10:21:30.941+05:30  INFO 12268 --- [HospitalManagement] [restartedMain] c.c.h.m.HospitalManagementApplication    : Starting HospitalManagementApplication using Java 17.0.11 with PID 12268 (C:\Personal\D Drive\cg\SpringBoot\HospitalManagementUsingDTO\target\classes started by Vilas Sangre in C:\Personal\D Drive\cg\SpringBoot\HospitalManagementUsingDTO)
2025-02-15T10:21:30.941+05:30  INFO 12268 --- [HospitalManagement] [restartedMain] c.c.h.m.HospitalManagementApplication    : No active profile set, falling back to 1 default profile: "default"
2025-02-15T10:21:31.069+05:30  INFO 12268 --- [HospitalManagement] [restartedMain] .s.d.r.c.RepositoryConfigurationDelegate : Bootstrapping Spring Data JPA repositories in DEFAULT mode.
2025-02-15T10:21:31.091+05:30  INFO 12268 --- [HospitalManagement] [restartedMain] .s.d.r.c.RepositoryConfigurationDelegate : Finished Spring Data repository scanning in 20 ms. Found 3 JPA repository interfaces.
2025-02-15T10:21:31.147+05:30  INFO 12268 --- [HospitalManagement] [restartedMain] o.s.b.w.embedded.tomcat.TomcatWebServer  : Tomcat initialized with port 8080 (http)
2025-02-15T10:21:31.147+05:30  INFO 12268 --- [HospitalManagement] [restartedMain] o.apache.catalina.core.StandardService   : Starting service [Tomcat]
2025-02-15T10:21:31.148+05:30  INFO 12268 --- [HospitalManagement] [restartedMain] o.apache.catalina.core.StandardEngine    : Starting Servlet engine: [Apache Tomcat/10.1.31]
2025-02-15T10:21:31.167+05:30  INFO 12268 --- [HospitalManagement] [restartedMain] o.a.c.c.C.[Tomcat].[localhost].[/]       : Initializing Spring embedded WebApplicationContext
2025-02-15T10:21:31.167+05:30  INFO 12268 --- [HospitalManagement] [restartedMain] w.s.c.ServletWebServerApplicationContext : Root WebApplicationContext: initialization completed in 225 ms
2025-02-15T10:21:31.191+05:30  INFO 12268 --- [HospitalManagement] [restartedMain] o.hibernate.jpa.internal.util.LogHelper  : HHH000204: Processing PersistenceUnitInfo [name: default]
2025-02-15T10:21:31.192+05:30  INFO 12268 --- [HospitalManagement] [restartedMain] o.h.c.internal.RegionFactoryInitiator    : HHH000026: Second-level cache disabled
2025-02-15T10:21:31.195+05:30  INFO 12268 --- [HospitalManagement] [restartedMain] o.s.o.j.p.SpringPersistenceUnitInfo      : No LoadTimeWeaver setup: ignoring JPA class transformer
2025-02-15T10:21:31.196+05:30  INFO 12268 --- [HospitalManagement] [restartedMain] com.zaxxer.hikari.HikariDataSource       : HikariPool-4 - Starting...
2025-02-15T10:21:31.207+05:30  INFO 12268 --- [HospitalManagement] [restartedMain] com.zaxxer.hikari.pool.HikariPool        : HikariPool-4 - Added connection com.mysql.cj.jdbc.ConnectionImpl@31828424
2025-02-15T10:21:31.208+05:30  INFO 12268 --- [HospitalManagement] [restartedMain] com.zaxxer.hikari.HikariDataSource       : HikariPool-4 - Start completed.
2025-02-15T10:21:31.208+05:30  WARN 12268 --- [HospitalManagement] [restartedMain] org.hibernate.orm.deprecation            : HHH90000025: MySQL8Dialect does not need to be specified explicitly using 'hibernate.dialect' (remove the property setting and it will be selected by default)
2025-02-15T10:21:31.208+05:30  WARN 12268 --- [HospitalManagement] [restartedMain] org.hibernate.orm.deprecation            : HHH90000026: MySQL8Dialect has been deprecated; use org.hibernate.dialect.MySQLDialect instead
2025-02-15T10:21:31.284+05:30  INFO 12268 --- [HospitalManagement] [restartedMain] o.h.e.t.j.p.i.JtaPlatformInitiator       : HHH000489: No JTA platform available (set 'hibernate.transaction.jta.platform' to enable JTA platform integration)
2025-02-15T10:21:31.313+05:30  INFO 12268 --- [HospitalManagement] [restartedMain] j.LocalContainerEntityManagerFactoryBean : Initialized JPA EntityManagerFactory for persistence unit 'default'
2025-02-15T10:21:31.443+05:30  WARN 12268 --- [HospitalManagement] [restartedMain] JpaBaseConfiguration$JpaWebConfiguration : spring.jpa.open-in-view is enabled by default. Therefore, database queries may be performed during view rendering. Explicitly configure spring.jpa.open-in-view to disable this warning
2025-02-15T10:21:31.507+05:30  INFO 12268 --- [HospitalManagement] [restartedMain] o.s.b.d.a.OptionalLiveReloadServer       : LiveReload server is running on port 35729
2025-02-15T10:21:31.516+05:30  INFO 12268 --- [HospitalManagement] [restartedMain] o.s.b.w.embedded.tomcat.TomcatWebServer  : Tomcat started on port 8080 (http) with context path ''
2025-02-15T10:21:31.518+05:30  INFO 12268 --- [HospitalManagement] [restartedMain] c.c.h.m.HospitalManagementApplication    : Started HospitalManagementApplication in 0.592 seconds (process running for 468.844)
2025-02-15T10:21:31.519+05:30  INFO 12268 --- [HospitalManagement] [restartedMain] .ConditionEvaluationDeltaLoggingListener : Condition evaluation unchanged
2025-02-15T10:22:01.060+05:30  INFO 12268 --- [HospitalManagement] [http-nio-8080-exec-2] o.a.c.c.C.[Tomcat].[localhost].[/]       : Initializing Spring DispatcherServlet 'dispatcherServlet'
2025-02-15T10:22:01.060+05:30  INFO 12268 --- [HospitalManagement] [http-nio-8080-exec-2] o.s.web.servlet.DispatcherServlet        : Initializing Servlet 'dispatcherServlet'
2025-02-15T10:22:01.062+05:30  INFO 12268 --- [HospitalManagement] [http-nio-8080-exec-2] o.s.web.servlet.DispatcherServlet        : Completed initialization in 2 ms
2025-02-15T10:22:01.080+05:30  WARN 12268 --- [HospitalManagement] [http-nio-8080-exec-2] .m.m.a.ExceptionHandlerExceptionResolver : Resolved [org.springframework.web.bind.MethodArgumentNotValidException: Validation failed for argument [0] in public org.springframework.http.ResponseEntity<com.cg.hospital.management.dto.DoctorDTO> com.cg.hospital.management.controller.DoctorController.save(com.cg.hospital.management.dto.DoctorDTO) with 3 errors: [Field error in object 'doctorDTO' on field 'lastName': rejected value [null]; codes [NotBlank.doctorDTO.lastName,NotBlank.lastName,NotBlank.java.lang.String,NotBlank]; arguments [org.springframework.context.support.DefaultMessageSourceResolvable: codes [doctorDTO.lastName,lastName]; arguments []; default message [lastName]]; default message [Last Name Should not be Blank]] [Field error in object 'doctorDTO' on field 'age': rejected value [0]; codes [Min.doctorDTO.age,Min.age,Min.int,Min]; arguments [org.springframework.context.support.DefaultMessageSourceResolvable: codes [doctorDTO.age,age]; arguments []; default message [age],16]; default message [must be greater than or equal to 16]] [Field error in object 'doctorDTO' on field 'firstName': rejected value [null]; codes [NotBlank.doctorDTO.firstName,NotBlank.firstName,NotBlank.java.lang.String,NotBlank]; arguments [org.springframework.context.support.DefaultMessageSourceResolvable: codes [doctorDTO.firstName,firstName]; arguments []; default message [firstName]]; default message [FirstName Should not be Empty]] ]
