2025-02-26T11:49:43.189+05:30  INFO 14896 --- [HospitalManagement] [restartedMain] c.c.h.m.HospitalManagementApplication    : Starting HospitalManagementApplication using Java 17.0.11 with PID 14896 (C:\Personal\D Drive\cg\SpringBoot\HospitalManagementUsingDTO\target\classes started by Vilas Sangre in C:\Personal\D Drive\cg\SpringBoot\HospitalManagementUsingDTO)
2025-02-26T11:49:43.197+05:30  INFO 14896 --- [HospitalManagement] [restartedMain] c.c.h.m.HospitalManagementApplication    : No active profile set, falling back to 1 default profile: "default"
2025-02-26T11:49:43.269+05:30  INFO 14896 --- [HospitalManagement] [restartedMain] .e.DevToolsPropertyDefaultsPostProcessor : Devtools property defaults active! Set 'spring.devtools.add-properties' to 'false' to disable
2025-02-26T11:49:43.270+05:30  INFO 14896 --- [HospitalManagement] [restartedMain] .e.DevToolsPropertyDefaultsPostProcessor : For additional web related logging consider setting the 'logging.level.web' property to 'DEBUG'
2025-02-26T11:49:44.252+05:30  INFO 14896 --- [HospitalManagement] [restartedMain] .s.d.r.c.RepositoryConfigurationDelegate : Bootstrapping Spring Data JPA repositories in DEFAULT mode.
2025-02-26T11:49:44.353+05:30  INFO 14896 --- [HospitalManagement] [restartedMain] .s.d.r.c.RepositoryConfigurationDelegate : Finished Spring Data repository scanning in 91 ms. Found 3 JPA repository interfaces.
2025-02-26T11:49:45.485+05:30  INFO 14896 --- [HospitalManagement] [restartedMain] o.s.b.w.embedded.tomcat.TomcatWebServer  : Tomcat initialized with port 8080 (http)
2025-02-26T11:49:45.519+05:30  INFO 14896 --- [HospitalManagement] [restartedMain] o.apache.catalina.core.StandardService   : Starting service [Tomcat]
2025-02-26T11:49:45.519+05:30  INFO 14896 --- [HospitalManagement] [restartedMain] o.apache.catalina.core.StandardEngine    : Starting Servlet engine: [Apache Tomcat/10.1.31]
2025-02-26T11:49:45.582+05:30  INFO 14896 --- [HospitalManagement] [restartedMain] o.a.c.c.C.[Tomcat].[localhost].[/]       : Initializing Spring embedded WebApplicationContext
2025-02-26T11:49:45.583+05:30  INFO 14896 --- [HospitalManagement] [restartedMain] w.s.c.ServletWebServerApplicationContext : Root WebApplicationContext: initialization completed in 2312 ms
2025-02-26T11:49:45.933+05:30  INFO 14896 --- [HospitalManagement] [restartedMain] o.hibernate.jpa.internal.util.LogHelper  : HHH000204: Processing PersistenceUnitInfo [name: default]
2025-02-26T11:49:46.091+05:30  INFO 14896 --- [HospitalManagement] [restartedMain] org.hibernate.Version                    : HHH000412: Hibernate ORM core version 6.4.10.Final
2025-02-26T11:49:46.137+05:30  INFO 14896 --- [HospitalManagement] [restartedMain] o.h.c.internal.RegionFactoryInitiator    : HHH000026: Second-level cache disabled
2025-02-26T11:49:46.346+05:30  INFO 14896 --- [HospitalManagement] [restartedMain] o.s.o.j.p.SpringPersistenceUnitInfo      : No LoadTimeWeaver setup: ignoring JPA class transformer
2025-02-26T11:49:46.374+05:30  INFO 14896 --- [HospitalManagement] [restartedMain] com.zaxxer.hikari.HikariDataSource       : HikariPool-1 - Starting...
2025-02-26T11:49:46.647+05:30  INFO 14896 --- [HospitalManagement] [restartedMain] com.zaxxer.hikari.pool.HikariPool        : HikariPool-1 - Added connection com.mysql.cj.jdbc.ConnectionImpl@18355a43
2025-02-26T11:49:46.648+05:30  INFO 14896 --- [HospitalManagement] [restartedMain] com.zaxxer.hikari.HikariDataSource       : HikariPool-1 - Start completed.
2025-02-26T11:49:46.687+05:30  WARN 14896 --- [HospitalManagement] [restartedMain] org.hibernate.orm.deprecation            : HHH90000025: MySQL8Dialect does not need to be specified explicitly using 'hibernate.dialect' (remove the property setting and it will be selected by default)
2025-02-26T11:49:46.688+05:30  WARN 14896 --- [HospitalManagement] [restartedMain] org.hibernate.orm.deprecation            : HHH90000026: MySQL8Dialect has been deprecated; use org.hibernate.dialect.MySQLDialect instead
2025-02-26T11:49:47.650+05:30  INFO 14896 --- [HospitalManagement] [restartedMain] o.h.e.t.j.p.i.JtaPlatformInitiator       : HHH000489: No JTA platform available (set 'hibernate.transaction.jta.platform' to enable JTA platform integration)
2025-02-26T11:49:47.733+05:30  INFO 14896 --- [HospitalManagement] [restartedMain] j.LocalContainerEntityManagerFactoryBean : Initialized JPA EntityManagerFactory for persistence unit 'default'
2025-02-26T11:49:48.082+05:30  INFO 14896 --- [HospitalManagement] [restartedMain] o.s.d.j.r.query.QueryEnhancerFactory     : Hibernate is in classpath; If applicable, HQL parser will be used.
2025-02-26T11:49:49.289+05:30  WARN 14896 --- [HospitalManagement] [restartedMain] JpaBaseConfiguration$JpaWebConfiguration : spring.jpa.open-in-view is enabled by default. Therefore, database queries may be performed during view rendering. Explicitly configure spring.jpa.open-in-view to disable this warning
2025-02-26T11:49:50.312+05:30  INFO 14896 --- [HospitalManagement] [restartedMain] o.s.b.d.a.OptionalLiveReloadServer       : LiveReload server is running on port 35729
2025-02-26T11:49:50.443+05:30  INFO 14896 --- [HospitalManagement] [restartedMain] o.s.b.w.embedded.tomcat.TomcatWebServer  : Tomcat started on port 8080 (http) with context path ''
2025-02-26T11:49:50.462+05:30  INFO 14896 --- [HospitalManagement] [restartedMain] c.c.h.m.HospitalManagementApplication    : Started HospitalManagementApplication in 7.683 seconds (process running for 8.139)
2025-02-26T11:50:03.321+05:30  INFO 14896 --- [HospitalManagement] [http-nio-8080-exec-1] o.a.c.c.C.[Tomcat].[localhost].[/]       : Initializing Spring DispatcherServlet 'dispatcherServlet'
2025-02-26T11:50:03.322+05:30  INFO 14896 --- [HospitalManagement] [http-nio-8080-exec-1] o.s.web.servlet.DispatcherServlet        : Initializing Servlet 'dispatcherServlet'
2025-02-26T11:50:03.323+05:30  INFO 14896 --- [HospitalManagement] [http-nio-8080-exec-1] o.s.web.servlet.DispatcherServlet        : Completed initialization in 1 ms
2025-02-26T11:50:03.409+05:30  WARN 14896 --- [HospitalManagement] [http-nio-8080-exec-1] .m.m.a.ExceptionHandlerExceptionResolver : Resolved [org.springframework.web.servlet.resource.NoResourceFoundException: No static resource patients.]
2025-02-26T11:50:03.456+05:30  WARN 14896 --- [HospitalManagement] [http-nio-8080-exec-2] .m.m.a.ExceptionHandlerExceptionResolver : Resolved [org.springframework.web.servlet.resource.NoResourceFoundException: No static resource favicon.ico.]
2025-02-26T11:50:21.520+05:30  INFO 14896 --- [HospitalManagement] [http-nio-8080-exec-3] c.c.h.m.service.PatientServiceImpl       : PatientServiceImpl method called using @Slf4j For getAllPatients
2025-02-26T11:50:21.697+05:30  WARN 14896 --- [HospitalManagement] [http-nio-8080-exec-4] .m.m.a.ExceptionHandlerExceptionResolver : Resolved [org.springframework.web.servlet.resource.NoResourceFoundException: No static resource favicon.ico.]
2025-02-26T11:53:56.085+05:30  INFO 14896 --- [HospitalManagement] [http-nio-8080-exec-6] c.c.h.m.service.PatientServiceImpl       : PatientServiceImpl method called using @Slf4j For getAllPatients
2025-02-26T11:53:56.119+05:30  INFO 14896 --- [HospitalManagement] [http-nio-8080-exec-7] c.c.h.m.service.PatientServiceImpl       : PatientServiceImpl method called using @Slf4j For getAllPatients
2025-02-26T11:58:21.587+05:30  INFO 14896 --- [HospitalManagement] [File Watcher] rtingClassPathChangeChangedEventListener : Restarting due to 4 class path changes (0 additions, 0 deletions, 4 modifications)
2025-02-26T11:58:21.632+05:30  INFO 14896 --- [HospitalManagement] [Thread-5] j.LocalContainerEntityManagerFactoryBean : Closing JPA EntityManagerFactory for persistence unit 'default'
2025-02-26T11:58:21.634+05:30  INFO 14896 --- [HospitalManagement] [Thread-5] com.zaxxer.hikari.HikariDataSource       : HikariPool-1 - Shutdown initiated...
2025-02-26T11:58:21.640+05:30  INFO 14896 --- [HospitalManagement] [Thread-5] com.zaxxer.hikari.HikariDataSource       : HikariPool-1 - Shutdown completed.
2025-02-26T11:58:21.698+05:30  INFO 14896 --- [HospitalManagement] [restartedMain] c.c.h.m.HospitalManagementApplication    : Starting HospitalManagementApplication using Java 17.0.11 with PID 14896 (C:\Personal\D Drive\cg\SpringBoot\HospitalManagementUsingDTO\target\classes started by Vilas Sangre in C:\Personal\D Drive\cg\SpringBoot\HospitalManagementUsingDTO)
2025-02-26T11:58:21.698+05:30  INFO 14896 --- [HospitalManagement] [restartedMain] c.c.h.m.HospitalManagementApplication    : No active profile set, falling back to 1 default profile: "default"
2025-02-26T11:58:21.831+05:30  INFO 14896 --- [HospitalManagement] [restartedMain] .s.d.r.c.RepositoryConfigurationDelegate : Bootstrapping Spring Data JPA repositories in DEFAULT mode.
2025-02-26T11:58:21.847+05:30  INFO 14896 --- [HospitalManagement] [restartedMain] .s.d.r.c.RepositoryConfigurationDelegate : Finished Spring Data repository scanning in 14 ms. Found 3 JPA repository interfaces.
2025-02-26T11:58:21.910+05:30  INFO 14896 --- [HospitalManagement] [restartedMain] o.s.b.w.embedded.tomcat.TomcatWebServer  : Tomcat initialized with port 8080 (http)
2025-02-26T11:58:21.911+05:30  INFO 14896 --- [HospitalManagement] [restartedMain] o.apache.catalina.core.StandardService   : Starting service [Tomcat]
2025-02-26T11:58:21.911+05:30  INFO 14896 --- [HospitalManagement] [restartedMain] o.apache.catalina.core.StandardEngine    : Starting Servlet engine: [Apache Tomcat/10.1.31]
2025-02-26T11:58:21.924+05:30  INFO 14896 --- [HospitalManagement] [restartedMain] o.a.c.c.C.[Tomcat].[localhost].[/]       : Initializing Spring embedded WebApplicationContext
2025-02-26T11:58:21.924+05:30  INFO 14896 --- [HospitalManagement] [restartedMain] w.s.c.ServletWebServerApplicationContext : Root WebApplicationContext: initialization completed in 225 ms
2025-02-26T11:58:21.947+05:30  INFO 14896 --- [HospitalManagement] [restartedMain] o.hibernate.jpa.internal.util.LogHelper  : HHH000204: Processing PersistenceUnitInfo [name: default]
2025-02-26T11:58:21.948+05:30  INFO 14896 --- [HospitalManagement] [restartedMain] o.h.c.internal.RegionFactoryInitiator    : HHH000026: Second-level cache disabled
2025-02-26T11:58:21.951+05:30  INFO 14896 --- [HospitalManagement] [restartedMain] o.s.o.j.p.SpringPersistenceUnitInfo      : No LoadTimeWeaver setup: ignoring JPA class transformer
2025-02-26T11:58:21.952+05:30  INFO 14896 --- [HospitalManagement] [restartedMain] com.zaxxer.hikari.HikariDataSource       : HikariPool-2 - Starting...
2025-02-26T11:58:21.963+05:30  INFO 14896 --- [HospitalManagement] [restartedMain] com.zaxxer.hikari.pool.HikariPool        : HikariPool-2 - Added connection com.mysql.cj.jdbc.ConnectionImpl@76d12713
2025-02-26T11:58:21.964+05:30  INFO 14896 --- [HospitalManagement] [restartedMain] com.zaxxer.hikari.HikariDataSource       : HikariPool-2 - Start completed.
2025-02-26T11:58:21.964+05:30  WARN 14896 --- [HospitalManagement] [restartedMain] org.hibernate.orm.deprecation            : HHH90000025: MySQL8Dialect does not need to be specified explicitly using 'hibernate.dialect' (remove the property setting and it will be selected by default)
2025-02-26T11:58:21.964+05:30  WARN 14896 --- [HospitalManagement] [restartedMain] org.hibernate.orm.deprecation            : HHH90000026: MySQL8Dialect has been deprecated; use org.hibernate.dialect.MySQLDialect instead
2025-02-26T11:58:22.039+05:30  INFO 14896 --- [HospitalManagement] [restartedMain] o.h.e.t.j.p.i.JtaPlatformInitiator       : HHH000489: No JTA platform available (set 'hibernate.transaction.jta.platform' to enable JTA platform integration)
2025-02-26T11:58:22.067+05:30  INFO 14896 --- [HospitalManagement] [restartedMain] j.LocalContainerEntityManagerFactoryBean : Initialized JPA EntityManagerFactory for persistence unit 'default'
2025-02-26T11:58:22.207+05:30  WARN 14896 --- [HospitalManagement] [restartedMain] JpaBaseConfiguration$JpaWebConfiguration : spring.jpa.open-in-view is enabled by default. Therefore, database queries may be performed during view rendering. Explicitly configure spring.jpa.open-in-view to disable this warning
2025-02-26T11:58:22.301+05:30  INFO 14896 --- [HospitalManagement] [restartedMain] o.s.b.d.a.OptionalLiveReloadServer       : LiveReload server is running on port 35729
2025-02-26T11:58:22.310+05:30  INFO 14896 --- [HospitalManagement] [restartedMain] o.s.b.w.embedded.tomcat.TomcatWebServer  : Tomcat started on port 8080 (http) with context path ''
2025-02-26T11:58:22.312+05:30  INFO 14896 --- [HospitalManagement] [restartedMain] c.c.h.m.HospitalManagementApplication    : Started HospitalManagementApplication in 0.632 seconds (process running for 519.989)
2025-02-26T11:58:22.315+05:30  INFO 14896 --- [HospitalManagement] [restartedMain] .ConditionEvaluationDeltaLoggingListener : Condition evaluation unchanged
2025-02-26T11:58:31.059+05:30  INFO 18504 --- [HospitalManagement] [restartedMain] c.c.h.m.HospitalManagementApplication    : Starting HospitalManagementApplication using Java 17.0.11 with PID 18504 (C:\Personal\D Drive\cg\SpringBoot\HospitalManagementUsingDTO\target\classes started by Vilas Sangre in C:\Personal\D Drive\cg\SpringBoot\HospitalManagementUsingDTO)
2025-02-26T11:58:31.064+05:30  INFO 18504 --- [HospitalManagement] [restartedMain] c.c.h.m.HospitalManagementApplication    : No active profile set, falling back to 1 default profile: "default"
2025-02-26T11:58:31.124+05:30  INFO 18504 --- [HospitalManagement] [restartedMain] .e.DevToolsPropertyDefaultsPostProcessor : Devtools property defaults active! Set 'spring.devtools.add-properties' to 'false' to disable
2025-02-26T11:58:31.125+05:30  INFO 18504 --- [HospitalManagement] [restartedMain] .e.DevToolsPropertyDefaultsPostProcessor : For additional web related logging consider setting the 'logging.level.web' property to 'DEBUG'
2025-02-26T11:58:32.091+05:30  INFO 18504 --- [HospitalManagement] [restartedMain] .s.d.r.c.RepositoryConfigurationDelegate : Bootstrapping Spring Data JPA repositories in DEFAULT mode.
2025-02-26T11:58:32.143+05:30  INFO 18504 --- [HospitalManagement] [restartedMain] .s.d.r.c.RepositoryConfigurationDelegate : Finished Spring Data repository scanning in 46 ms. Found 3 JPA repository interfaces.
2025-02-26T11:58:33.233+05:30  INFO 18504 --- [HospitalManagement] [restartedMain] o.s.b.w.embedded.tomcat.TomcatWebServer  : Tomcat initialized with port 8080 (http)
2025-02-26T11:58:33.274+05:30  INFO 18504 --- [HospitalManagement] [restartedMain] o.apache.catalina.core.StandardService   : Starting service [Tomcat]
2025-02-26T11:58:33.275+05:30  INFO 18504 --- [HospitalManagement] [restartedMain] o.apache.catalina.core.StandardEngine    : Starting Servlet engine: [Apache Tomcat/10.1.31]
2025-02-26T11:58:33.358+05:30  INFO 18504 --- [HospitalManagement] [restartedMain] o.a.c.c.C.[Tomcat].[localhost].[/]       : Initializing Spring embedded WebApplicationContext
2025-02-26T11:58:33.358+05:30  INFO 18504 --- [HospitalManagement] [restartedMain] w.s.c.ServletWebServerApplicationContext : Root WebApplicationContext: initialization completed in 2233 ms
2025-02-26T11:58:33.684+05:30  INFO 18504 --- [HospitalManagement] [restartedMain] o.hibernate.jpa.internal.util.LogHelper  : HHH000204: Processing PersistenceUnitInfo [name: default]
2025-02-26T11:58:33.793+05:30  INFO 18504 --- [HospitalManagement] [restartedMain] org.hibernate.Version                    : HHH000412: Hibernate ORM core version 6.4.10.Final
2025-02-26T11:58:33.824+05:30  INFO 18504 --- [HospitalManagement] [restartedMain] o.h.c.internal.RegionFactoryInitiator    : HHH000026: Second-level cache disabled
2025-02-26T11:58:34.020+05:30  INFO 18504 --- [HospitalManagement] [restartedMain] o.s.o.j.p.SpringPersistenceUnitInfo      : No LoadTimeWeaver setup: ignoring JPA class transformer
2025-02-26T11:58:34.047+05:30  INFO 18504 --- [HospitalManagement] [restartedMain] com.zaxxer.hikari.HikariDataSource       : HikariPool-1 - Starting...
2025-02-26T11:58:34.313+05:30  INFO 18504 --- [HospitalManagement] [restartedMain] com.zaxxer.hikari.pool.HikariPool        : HikariPool-1 - Added connection com.mysql.cj.jdbc.ConnectionImpl@78724799
2025-02-26T11:58:34.314+05:30  INFO 18504 --- [HospitalManagement] [restartedMain] com.zaxxer.hikari.HikariDataSource       : HikariPool-1 - Start completed.
2025-02-26T11:58:34.369+05:30  WARN 18504 --- [HospitalManagement] [restartedMain] org.hibernate.orm.deprecation            : HHH90000025: MySQL8Dialect does not need to be specified explicitly using 'hibernate.dialect' (remove the property setting and it will be selected by default)
2025-02-26T11:58:34.369+05:30  WARN 18504 --- [HospitalManagement] [restartedMain] org.hibernate.orm.deprecation            : HHH90000026: MySQL8Dialect has been deprecated; use org.hibernate.dialect.MySQLDialect instead
2025-02-26T11:58:35.216+05:30  INFO 18504 --- [HospitalManagement] [restartedMain] o.h.e.t.j.p.i.JtaPlatformInitiator       : HHH000489: No JTA platform available (set 'hibernate.transaction.jta.platform' to enable JTA platform integration)
2025-02-26T11:58:35.294+05:30  INFO 18504 --- [HospitalManagement] [restartedMain] j.LocalContainerEntityManagerFactoryBean : Initialized JPA EntityManagerFactory for persistence unit 'default'
2025-02-26T11:58:35.741+05:30  INFO 18504 --- [HospitalManagement] [restartedMain] o.s.d.j.r.query.QueryEnhancerFactory     : Hibernate is in classpath; If applicable, HQL parser will be used.
2025-02-26T11:58:36.669+05:30  WARN 18504 --- [HospitalManagement] [restartedMain] JpaBaseConfiguration$JpaWebConfiguration : spring.jpa.open-in-view is enabled by default. Therefore, database queries may be performed during view rendering. Explicitly configure spring.jpa.open-in-view to disable this warning
2025-02-26T11:58:37.510+05:30  INFO 18504 --- [HospitalManagement] [restartedMain] o.s.b.d.a.OptionalLiveReloadServer       : LiveReload server is running on port 35729
2025-02-26T11:58:37.601+05:30  INFO 18504 --- [HospitalManagement] [restartedMain] o.s.b.w.embedded.tomcat.TomcatWebServer  : Tomcat started on port 8080 (http) with context path ''
2025-02-26T11:58:37.613+05:30  INFO 18504 --- [HospitalManagement] [restartedMain] c.c.h.m.HospitalManagementApplication    : Started HospitalManagementApplication in 6.945 seconds (process running for 7.366)
2025-02-26T11:58:50.646+05:30  INFO 18504 --- [HospitalManagement] [http-nio-8080-exec-1] o.a.c.c.C.[Tomcat].[localhost].[/]       : Initializing Spring DispatcherServlet 'dispatcherServlet'
2025-02-26T11:58:50.646+05:30  INFO 18504 --- [HospitalManagement] [http-nio-8080-exec-1] o.s.web.servlet.DispatcherServlet        : Initializing Servlet 'dispatcherServlet'
2025-02-26T11:58:50.648+05:30  INFO 18504 --- [HospitalManagement] [http-nio-8080-exec-1] o.s.web.servlet.DispatcherServlet        : Completed initialization in 1 ms
2025-02-26T11:58:50.731+05:30  INFO 18504 --- [HospitalManagement] [http-nio-8080-exec-1] c.c.h.m.service.PatientServiceImpl       : PatientServiceImpl method called using @Slf4j For getAllPatients
2025-02-26T11:58:51.027+05:30  INFO 18504 --- [HospitalManagement] [http-nio-8080-exec-2] c.c.h.m.service.PatientServiceImpl       : PatientServiceImpl method called using @Slf4j For getAllPatients
2025-02-26T13:32:00.518+05:30  INFO 18504 --- [HospitalManagement] [http-nio-8080-exec-5] c.c.h.m.service.PatientServiceImpl       : PatientServiceImpl method called using @Slf4j For getAllPatients
2025-02-26T13:32:00.823+05:30  INFO 18504 --- [HospitalManagement] [http-nio-8080-exec-6] c.c.h.m.service.PatientServiceImpl       : PatientServiceImpl method called using @Slf4j For getAllPatients
2025-02-26T13:32:08.184+05:30  INFO 18504 --- [HospitalManagement] [http-nio-8080-exec-7] c.c.h.m.service.PatientServiceImpl       : PatientServiceImpl method called using @Slf4j For getAllPatients
2025-02-26T13:32:08.345+05:30  WARN 18504 --- [HospitalManagement] [http-nio-8080-exec-8] .m.m.a.ExceptionHandlerExceptionResolver : Resolved [org.springframework.web.servlet.resource.NoResourceFoundException: No static resource favicon.ico.]
2025-02-26T14:03:38.506+05:30  INFO 18504 --- [HospitalManagement] [http-nio-8080-exec-1] c.c.h.m.service.PatientServiceImpl       : PatientServiceImpl method called using @Slf4j For getAllPatients
2025-02-26T14:03:38.547+05:30  INFO 18504 --- [HospitalManagement] [http-nio-8080-exec-2] c.c.h.m.service.PatientServiceImpl       : PatientServiceImpl method called using @Slf4j For getAllPatients
2025-02-26T14:16:29.609+05:30  INFO 18504 --- [HospitalManagement] [http-nio-8080-exec-3] o.springdoc.api.AbstractOpenApiResource  : Init duration for springdoc-openapi is: 999 ms
2025-02-26T18:38:53.257+05:30  WARN 18504 --- [HospitalManagement] [HikariPool-1 housekeeper] com.zaxxer.hikari.pool.HikariPool        : HikariPool-1 - Thread starvation or clock leap detected (housekeeper delta=1h5m13s506ms650µs600ns).
2025-02-26T23:11:04.445+05:30  WARN 18504 --- [HospitalManagement] [HikariPool-1 housekeeper] com.zaxxer.hikari.pool.HikariPool        : HikariPool-1 - Thread starvation or clock leap detected (housekeeper delta=1h14m38s303ms741µs400ns).
