2025-02-24T15:04:34.875+05:30  INFO 5668 --- [HospitalManagement] [restartedMain] c.c.h.m.HospitalManagementApplication    : Starting HospitalManagementApplication using Java 17.0.11 with PID 5668 (C:\Personal\D Drive\cg\SpringBoot\HospitalManagementUsingDTO\target\classes started by Vilas Sangre in C:\Personal\D Drive\cg\SpringBoot\HospitalManagementUsingDTO)
2025-02-24T15:04:34.881+05:30  INFO 5668 --- [HospitalManagement] [restartedMain] c.c.h.m.HospitalManagementApplication    : No active profile set, falling back to 1 default profile: "default"
2025-02-24T15:04:34.936+05:30  INFO 5668 --- [HospitalManagement] [restartedMain] .e.DevToolsPropertyDefaultsPostProcessor : Devtools property defaults active! Set 'spring.devtools.add-properties' to 'false' to disable
2025-02-24T15:04:34.937+05:30  INFO 5668 --- [HospitalManagement] [restartedMain] .e.DevToolsPropertyDefaultsPostProcessor : For additional web related logging consider setting the 'logging.level.web' property to 'DEBUG'
2025-02-24T15:04:35.948+05:30  INFO 5668 --- [HospitalManagement] [restartedMain] .s.d.r.c.RepositoryConfigurationDelegate : Bootstrapping Spring Data JPA repositories in DEFAULT mode.
2025-02-24T15:04:36.012+05:30  INFO 5668 --- [HospitalManagement] [restartedMain] .s.d.r.c.RepositoryConfigurationDelegate : Finished Spring Data repository scanning in 57 ms. Found 3 JPA repository interfaces.
2025-02-24T15:04:37.211+05:30  INFO 5668 --- [HospitalManagement] [restartedMain] o.s.b.w.embedded.tomcat.TomcatWebServer  : Tomcat initialized with port 8080 (http)
2025-02-24T15:04:37.248+05:30  INFO 5668 --- [HospitalManagement] [restartedMain] o.apache.catalina.core.StandardService   : Starting service [Tomcat]
2025-02-24T15:04:37.249+05:30  INFO 5668 --- [HospitalManagement] [restartedMain] o.apache.catalina.core.StandardEngine    : Starting Servlet engine: [Apache Tomcat/10.1.31]
2025-02-24T15:04:37.324+05:30  INFO 5668 --- [HospitalManagement] [restartedMain] o.a.c.c.C.[Tomcat].[localhost].[/]       : Initializing Spring embedded WebApplicationContext
2025-02-24T15:04:37.324+05:30  INFO 5668 --- [HospitalManagement] [restartedMain] w.s.c.ServletWebServerApplicationContext : Root WebApplicationContext: initialization completed in 2387 ms
2025-02-24T15:04:37.691+05:30  INFO 5668 --- [HospitalManagement] [restartedMain] o.hibernate.jpa.internal.util.LogHelper  : HHH000204: Processing PersistenceUnitInfo [name: default]
2025-02-24T15:04:37.776+05:30  INFO 5668 --- [HospitalManagement] [restartedMain] org.hibernate.Version                    : HHH000412: Hibernate ORM core version 6.4.10.Final
2025-02-24T15:04:37.811+05:30  INFO 5668 --- [HospitalManagement] [restartedMain] o.h.c.internal.RegionFactoryInitiator    : HHH000026: Second-level cache disabled
2025-02-24T15:04:38.047+05:30  INFO 5668 --- [HospitalManagement] [restartedMain] o.s.o.j.p.SpringPersistenceUnitInfo      : No LoadTimeWeaver setup: ignoring JPA class transformer
2025-02-24T15:04:38.095+05:30  INFO 5668 --- [HospitalManagement] [restartedMain] com.zaxxer.hikari.HikariDataSource       : HikariPool-1 - Starting...
2025-02-24T15:04:38.456+05:30  INFO 5668 --- [HospitalManagement] [restartedMain] com.zaxxer.hikari.pool.HikariPool        : HikariPool-1 - Added connection com.mysql.cj.jdbc.ConnectionImpl@59c7501f
2025-02-24T15:04:38.459+05:30  INFO 5668 --- [HospitalManagement] [restartedMain] com.zaxxer.hikari.HikariDataSource       : HikariPool-1 - Start completed.
2025-02-24T15:04:38.525+05:30  WARN 5668 --- [HospitalManagement] [restartedMain] org.hibernate.orm.deprecation            : HHH90000025: MySQL8Dialect does not need to be specified explicitly using 'hibernate.dialect' (remove the property setting and it will be selected by default)
2025-02-24T15:04:38.525+05:30  WARN 5668 --- [HospitalManagement] [restartedMain] org.hibernate.orm.deprecation            : HHH90000026: MySQL8Dialect has been deprecated; use org.hibernate.dialect.MySQLDialect instead
2025-02-24T15:04:39.455+05:30  INFO 5668 --- [HospitalManagement] [restartedMain] o.h.e.t.j.p.i.JtaPlatformInitiator       : HHH000489: No JTA platform available (set 'hibernate.transaction.jta.platform' to enable JTA platform integration)
2025-02-24T15:04:39.561+05:30  INFO 5668 --- [HospitalManagement] [restartedMain] j.LocalContainerEntityManagerFactoryBean : Initialized JPA EntityManagerFactory for persistence unit 'default'
2025-02-24T15:04:39.877+05:30  INFO 5668 --- [HospitalManagement] [restartedMain] o.s.d.j.r.query.QueryEnhancerFactory     : Hibernate is in classpath; If applicable, HQL parser will be used.
2025-02-24T15:04:41.018+05:30  WARN 5668 --- [HospitalManagement] [restartedMain] JpaBaseConfiguration$JpaWebConfiguration : spring.jpa.open-in-view is enabled by default. Therefore, database queries may be performed during view rendering. Explicitly configure spring.jpa.open-in-view to disable this warning
2025-02-24T15:04:41.980+05:30  INFO 5668 --- [HospitalManagement] [restartedMain] o.s.b.d.a.OptionalLiveReloadServer       : LiveReload server is running on port 35729
2025-02-24T15:04:42.070+05:30  INFO 5668 --- [HospitalManagement] [restartedMain] o.s.b.w.embedded.tomcat.TomcatWebServer  : Tomcat started on port 8080 (http) with context path ''
2025-02-24T15:04:42.082+05:30  INFO 5668 --- [HospitalManagement] [restartedMain] c.c.h.m.HospitalManagementApplication    : Started HospitalManagementApplication in 7.614 seconds (process running for 8.091)
2025-02-24T18:19:06.474+05:30  WARN 5668 --- [HospitalManagement] [HikariPool-1 housekeeper] com.zaxxer.hikari.pool.HikariPool        : HikariPool-1 - Thread starvation or clock leap detected (housekeeper delta=52m55s737ms519µs200ns).
2025-02-24T19:23:17.704+05:30  WARN 5668 --- [HospitalManagement] [HikariPool-1 housekeeper] com.zaxxer.hikari.pool.HikariPool        : HikariPool-1 - Thread starvation or clock leap detected (housekeeper delta=24m10s557ms438µs600ns).
