2025-03-10T17:04:55.740+05:30  INFO 22172 --- [HospitalManagement] [main] c.c.h.m.c.PatientControllerTest          : Starting PatientControllerTest using Java 17.0.11 with PID 22172 (started by Vilas Sangre in C:\Personal\D Drive\cg\SpringBoot\HospitalManagementUsingDTO)
2025-03-10T17:04:55.743+05:30  INFO 22172 --- [HospitalManagement] [main] c.c.h.m.c.PatientControllerTest          : No active profile set, falling back to 1 default profile: "default"
2025-03-10T17:04:57.856+05:30  INFO 22172 --- [HospitalManagement] [main] o.s.b.t.m.w.SpringBootMockServletContext : Initializing Spring TestDispatcherServlet ''
2025-03-10T17:04:57.856+05:30  INFO 22172 --- [HospitalManagement] [main] o.s.t.web.servlet.TestDispatcherServlet  : Initializing Servlet ''
2025-03-10T17:04:57.858+05:30  INFO 22172 --- [HospitalManagement] [main] o.s.t.web.servlet.TestDispatcherServlet  : Completed initialization in 2 ms
2025-03-10T17:04:57.922+05:30  INFO 22172 --- [HospitalManagement] [main] c.c.h.m.c.PatientControllerTest          : Started PatientControllerTest in 2.503 seconds (process running for 4.177)
2025-03-10T17:04:57.977+05:30  INFO 22172 --- [HospitalManagement] [main] o.s.mock.web.MockServletContext          : Initializing Spring TestDispatcherServlet ''
2025-03-10T17:04:57.977+05:30  INFO 22172 --- [HospitalManagement] [main] o.s.t.web.servlet.TestDispatcherServlet  : Initializing Servlet ''
2025-03-10T17:04:57.978+05:30  INFO 22172 --- [HospitalManagement] [main] o.s.t.web.servlet.TestDispatcherServlet  : Completed initialization in 1 ms
2025-03-10T17:04:58.191+05:30  INFO 22172 --- [HospitalManagement] [main] o.s.mock.web.MockServletContext          : Initializing Spring TestDispatcherServlet ''
2025-03-10T17:04:58.191+05:30  INFO 22172 --- [HospitalManagement] [main] o.s.t.web.servlet.TestDispatcherServlet  : Initializing Servlet ''
2025-03-10T17:04:58.191+05:30  INFO 22172 --- [HospitalManagement] [main] o.s.t.web.servlet.TestDispatcherServlet  : Completed initialization in 0 ms
2025-03-10T17:04:58.227+05:30  INFO 22172 --- [HospitalManagement] [main] o.s.mock.web.MockServletContext          : Initializing Spring TestDispatcherServlet ''
2025-03-10T17:04:58.227+05:30  INFO 22172 --- [HospitalManagement] [main] o.s.t.web.servlet.TestDispatcherServlet  : Initializing Servlet ''
2025-03-10T17:04:58.227+05:30  INFO 22172 --- [HospitalManagement] [main] o.s.t.web.servlet.TestDispatcherServlet  : Completed initialization in 0 ms
2025-03-10T17:04:58.240+05:30  INFO 22172 --- [HospitalManagement] [main] o.s.mock.web.MockServletContext          : Initializing Spring TestDispatcherServlet ''
2025-03-10T17:04:58.240+05:30  INFO 22172 --- [HospitalManagement] [main] o.s.t.web.servlet.TestDispatcherServlet  : Initializing Servlet ''
2025-03-10T17:04:58.240+05:30  INFO 22172 --- [HospitalManagement] [main] o.s.t.web.servlet.TestDispatcherServlet  : Completed initialization in 0 ms
2025-03-10T17:04:58.323+05:30  WARN 22172 --- [HospitalManagement] [main] .w.s.m.s.DefaultHandlerExceptionResolver : Resolved [org.springframework.http.converter.HttpMessageNotReadableException: JSON parse error: Cannot deserialize value of type `java.util.ArrayList<com.cg.hospital.management.model.Address>` from String value (token `JsonToken.VALUE_STRING`)]
2025-03-10T17:04:58.349+05:30  INFO 22172 --- [HospitalManagement] [main] o.s.mock.web.MockServletContext          : Initializing Spring TestDispatcherServlet ''
2025-03-10T17:04:58.349+05:30  INFO 22172 --- [HospitalManagement] [main] o.s.t.web.servlet.TestDispatcherServlet  : Initializing Servlet ''
2025-03-10T17:04:58.349+05:30  INFO 22172 --- [HospitalManagement] [main] o.s.t.web.servlet.TestDispatcherServlet  : Completed initialization in 0 ms
2025-03-10T17:04:58.352+05:30  WARN 22172 --- [HospitalManagement] [main] .w.s.m.s.DefaultHandlerExceptionResolver : Resolved [org.springframework.http.converter.HttpMessageNotReadableException: JSON parse error: Cannot deserialize value of type `java.util.ArrayList<com.cg.hospital.management.model.Address>` from String value (token `JsonToken.VALUE_STRING`)]
2025-03-10T17:04:58.367+05:30  INFO 22172 --- [HospitalManagement] [main] o.s.mock.web.MockServletContext          : Initializing Spring TestDispatcherServlet ''
2025-03-10T17:04:58.368+05:30  INFO 22172 --- [HospitalManagement] [main] o.s.t.web.servlet.TestDispatcherServlet  : Initializing Servlet ''
2025-03-10T17:04:58.368+05:30  INFO 22172 --- [HospitalManagement] [main] o.s.t.web.servlet.TestDispatcherServlet  : Completed initialization in 0 ms
2025-03-10T17:04:58.383+05:30  INFO 22172 --- [HospitalManagement] [main] t.c.s.AnnotationConfigContextLoaderUtils : Could not detect default configuration classes for test class [com.cg.hospital.management.HospitalManagementApplicationTests]: HospitalManagementApplicationTests does not declare any static, non-private, non-final, nested classes annotated with @Configuration.
2025-03-10T17:04:58.391+05:30  INFO 22172 --- [HospitalManagement] [main] .b.t.c.SpringBootTestContextBootstrapper : Found @SpringBootConfiguration com.cg.hospital.management.HospitalManagementApplication for test class com.cg.hospital.management.HospitalManagementApplicationTests
2025-03-10T17:04:58.407+05:30  INFO 22172 --- [HospitalManagement] [main] o.s.b.d.r.RestartApplicationListener     : Restart disabled due to context in which it is running
2025-03-10T17:04:58.429+05:30  INFO 22172 --- [HospitalManagement] [main] c.h.m.HospitalManagementApplicationTests : Starting HospitalManagementApplicationTests using Java 17.0.11 with PID 22172 (started by Vilas Sangre in C:\Personal\D Drive\cg\SpringBoot\HospitalManagementUsingDTO)
2025-03-10T17:04:58.430+05:30  INFO 22172 --- [HospitalManagement] [main] c.h.m.HospitalManagementApplicationTests : No active profile set, falling back to 1 default profile: "default"
2025-03-10T17:04:59.082+05:30  INFO 22172 --- [HospitalManagement] [main] .s.d.r.c.RepositoryConfigurationDelegate : Bootstrapping Spring Data JPA repositories in DEFAULT mode.
2025-03-10T17:04:59.154+05:30  INFO 22172 --- [HospitalManagement] [main] .s.d.r.c.RepositoryConfigurationDelegate : Finished Spring Data repository scanning in 49 ms. Found 3 JPA repository interfaces.
2025-03-10T17:04:59.619+05:30  INFO 22172 --- [HospitalManagement] [main] o.hibernate.jpa.internal.util.LogHelper  : HHH000204: Processing PersistenceUnitInfo [name: default]
2025-03-10T17:04:59.749+05:30  INFO 22172 --- [HospitalManagement] [main] org.hibernate.Version                    : HHH000412: Hibernate ORM core version 6.4.10.Final
2025-03-10T17:04:59.781+05:30  INFO 22172 --- [HospitalManagement] [main] o.h.c.internal.RegionFactoryInitiator    : HHH000026: Second-level cache disabled
2025-03-10T17:04:59.876+05:30  INFO 22172 --- [HospitalManagement] [main] o.s.o.j.p.SpringPersistenceUnitInfo      : No LoadTimeWeaver setup: ignoring JPA class transformer
2025-03-10T17:04:59.900+05:30  INFO 22172 --- [HospitalManagement] [main] com.zaxxer.hikari.HikariDataSource       : HikariPool-1 - Starting...
2025-03-10T17:05:00.241+05:30  INFO 22172 --- [HospitalManagement] [main] com.zaxxer.hikari.pool.HikariPool        : HikariPool-1 - Added connection com.mysql.cj.jdbc.ConnectionImpl@3f0b5619
2025-03-10T17:05:00.243+05:30  INFO 22172 --- [HospitalManagement] [main] com.zaxxer.hikari.HikariDataSource       : HikariPool-1 - Start completed.
2025-03-10T17:05:00.305+05:30  WARN 22172 --- [HospitalManagement] [main] org.hibernate.orm.deprecation            : HHH90000025: MySQL8Dialect does not need to be specified explicitly using 'hibernate.dialect' (remove the property setting and it will be selected by default)
2025-03-10T17:05:00.306+05:30  WARN 22172 --- [HospitalManagement] [main] org.hibernate.orm.deprecation            : HHH90000026: MySQL8Dialect has been deprecated; use org.hibernate.dialect.MySQLDialect instead
2025-03-10T17:05:01.110+05:30  INFO 22172 --- [HospitalManagement] [main] o.h.e.t.j.p.i.JtaPlatformInitiator       : HHH000489: No JTA platform available (set 'hibernate.transaction.jta.platform' to enable JTA platform integration)
2025-03-10T17:05:01.219+05:30  INFO 22172 --- [HospitalManagement] [main] j.LocalContainerEntityManagerFactoryBean : Initialized JPA EntityManagerFactory for persistence unit 'default'
2025-03-10T17:05:01.636+05:30  INFO 22172 --- [HospitalManagement] [main] o.s.d.j.r.query.QueryEnhancerFactory     : Hibernate is in classpath; If applicable, HQL parser will be used.
2025-03-10T17:05:02.868+05:30  WARN 22172 --- [HospitalManagement] [main] JpaBaseConfiguration$JpaWebConfiguration : spring.jpa.open-in-view is enabled by default. Therefore, database queries may be performed during view rendering. Explicitly configure spring.jpa.open-in-view to disable this warning
2025-03-10T17:05:03.267+05:30  INFO 22172 --- [HospitalManagement] [main] c.h.m.HospitalManagementApplicationTests : Started HospitalManagementApplicationTests in 4.861 seconds (process running for 9.522)
2025-03-10T17:05:03.280+05:30  INFO 22172 --- [HospitalManagement] [main] t.c.s.AnnotationConfigContextLoaderUtils : Could not detect default configuration classes for test class [com.cg.hospital.management.service.PatientServiceImplTest]: PatientServiceImplTest does not declare any static, non-private, non-final, nested classes annotated with @Configuration.
2025-03-10T17:05:03.285+05:30  INFO 22172 --- [HospitalManagement] [main] .b.t.c.SpringBootTestContextBootstrapper : Found @SpringBootConfiguration com.cg.hospital.management.HospitalManagementApplication for test class com.cg.hospital.management.service.PatientServiceImplTest
2025-03-10T17:05:03.460+05:30  INFO 22172 --- [HospitalManagement] [main] c.c.h.m.service.PatientServiceImpl       : PatientServiceImpl method called using @Slf4j For getPatientById 1
2025-03-10T17:05:03.470+05:30  INFO 22172 --- [HospitalManagement] [main] c.c.h.m.service.PatientServiceImpl       : PatientServiceImpl method called using @Slf4j For createPatient
2025-03-10T17:05:03.487+05:30  INFO 22172 --- [HospitalManagement] [main] c.c.h.m.service.PatientServiceImpl       : PatientServiceImpl method called using @Slf4j For getPatientById 1
2025-03-10T17:05:03.519+05:30  INFO 22172 --- [HospitalManagement] [SpringApplicationShutdownHook] j.LocalContainerEntityManagerFactoryBean : Closing JPA EntityManagerFactory for persistence unit 'default'
2025-03-10T17:05:03.523+05:30  INFO 22172 --- [HospitalManagement] [SpringApplicationShutdownHook] com.zaxxer.hikari.HikariDataSource       : HikariPool-1 - Shutdown initiated...
2025-03-10T17:05:03.533+05:30  INFO 22172 --- [HospitalManagement] [SpringApplicationShutdownHook] com.zaxxer.hikari.HikariDataSource       : HikariPool-1 - Shutdown completed.
