2024-11-11T11:00:36.983+05:30  INFO 21044 --- [HospitalManagement] [restartedMain] c.c.h.m.HospitalManagementApplication    : Starting HospitalManagementApplication using Java 17.0.11 with PID 21044 (C:\Personal\D Drive\cg\SpringBoot\HospitalManagementUsingDTO\target\classes started by Vilas Sangre in C:\Personal\D Drive\cg\SpringBoot\HospitalManagementUsingDTO)
2024-11-11T11:00:36.985+05:30  INFO 21044 --- [HospitalManagement] [restartedMain] c.c.h.m.HospitalManagementApplication    : No active profile set, falling back to 1 default profile: "default"
2024-11-11T11:00:37.043+05:30  INFO 21044 --- [HospitalManagement] [restartedMain] .e.DevToolsPropertyDefaultsPostProcessor : Devtools property defaults active! Set 'spring.devtools.add-properties' to 'false' to disable
2024-11-11T11:00:37.044+05:30  INFO 21044 --- [HospitalManagement] [restartedMain] .e.DevToolsPropertyDefaultsPostProcessor : For additional web related logging consider setting the 'logging.level.web' property to 'DEBUG'
2024-11-11T11:00:37.975+05:30  INFO 21044 --- [HospitalManagement] [restartedMain] .s.d.r.c.RepositoryConfigurationDelegate : Bootstrapping Spring Data JPA repositories in DEFAULT mode.
2024-11-11T11:00:38.030+05:30  INFO 21044 --- [HospitalManagement] [restartedMain] .s.d.r.c.RepositoryConfigurationDelegate : Finished Spring Data repository scanning in 47 ms. Found 3 JPA repository interfaces.
2024-11-11T11:00:39.068+05:30  INFO 21044 --- [HospitalManagement] [restartedMain] o.s.b.w.embedded.tomcat.TomcatWebServer  : Tomcat initialized with port 8080 (http)
2024-11-11T11:00:39.092+05:30  INFO 21044 --- [HospitalManagement] [restartedMain] o.apache.catalina.core.StandardService   : Starting service [Tomcat]
2024-11-11T11:00:39.093+05:30  INFO 21044 --- [HospitalManagement] [restartedMain] o.apache.catalina.core.StandardEngine    : Starting Servlet engine: [Apache Tomcat/10.1.31]
2024-11-11T11:00:39.193+05:30  INFO 21044 --- [HospitalManagement] [restartedMain] o.a.c.c.C.[Tomcat].[localhost].[/]       : Initializing Spring embedded WebApplicationContext
2024-11-11T11:00:39.194+05:30  INFO 21044 --- [HospitalManagement] [restartedMain] w.s.c.ServletWebServerApplicationContext : Root WebApplicationContext: initialization completed in 2148 ms
2024-11-11T11:00:39.494+05:30  INFO 21044 --- [HospitalManagement] [restartedMain] o.hibernate.jpa.internal.util.LogHelper  : HHH000204: Processing PersistenceUnitInfo [name: default]
2024-11-11T11:00:39.690+05:30  INFO 21044 --- [HospitalManagement] [restartedMain] org.hibernate.Version                    : HHH000412: Hibernate ORM core version 6.4.10.Final
2024-11-11T11:00:39.740+05:30  INFO 21044 --- [HospitalManagement] [restartedMain] o.h.c.internal.RegionFactoryInitiator    : HHH000026: Second-level cache disabled
2024-11-11T11:00:39.945+05:30  INFO 21044 --- [HospitalManagement] [restartedMain] o.s.o.j.p.SpringPersistenceUnitInfo      : No LoadTimeWeaver setup: ignoring JPA class transformer
2024-11-11T11:00:39.968+05:30  INFO 21044 --- [HospitalManagement] [restartedMain] com.zaxxer.hikari.HikariDataSource       : HikariPool-1 - Starting...
2024-11-11T11:00:40.194+05:30  INFO 21044 --- [HospitalManagement] [restartedMain] com.zaxxer.hikari.pool.HikariPool        : HikariPool-1 - Added connection com.mysql.cj.jdbc.ConnectionImpl@7789bfa9
2024-11-11T11:00:40.196+05:30  INFO 21044 --- [HospitalManagement] [restartedMain] com.zaxxer.hikari.HikariDataSource       : HikariPool-1 - Start completed.
2024-11-11T11:00:40.257+05:30  WARN 21044 --- [HospitalManagement] [restartedMain] org.hibernate.orm.deprecation            : HHH90000025: MySQL8Dialect does not need to be specified explicitly using 'hibernate.dialect' (remove the property setting and it will be selected by default)
2024-11-11T11:00:40.258+05:30  WARN 21044 --- [HospitalManagement] [restartedMain] org.hibernate.orm.deprecation            : HHH90000026: MySQL8Dialect has been deprecated; use org.hibernate.dialect.MySQLDialect instead
2024-11-11T11:00:41.054+05:30  INFO 21044 --- [HospitalManagement] [restartedMain] o.h.e.t.j.p.i.JtaPlatformInitiator       : HHH000489: No JTA platform available (set 'hibernate.transaction.jta.platform' to enable JTA platform integration)
2024-11-11T11:00:41.116+05:30  INFO 21044 --- [HospitalManagement] [restartedMain] j.LocalContainerEntityManagerFactoryBean : Initialized JPA EntityManagerFactory for persistence unit 'default'
2024-11-11T11:00:41.409+05:30  INFO 21044 --- [HospitalManagement] [restartedMain] o.s.d.j.r.query.QueryEnhancerFactory     : Hibernate is in classpath; If applicable, HQL parser will be used.
2024-11-11T11:00:42.318+05:30  WARN 21044 --- [HospitalManagement] [restartedMain] JpaBaseConfiguration$JpaWebConfiguration : spring.jpa.open-in-view is enabled by default. Therefore, database queries may be performed during view rendering. Explicitly configure spring.jpa.open-in-view to disable this warning
2024-11-11T11:00:43.146+05:30  INFO 21044 --- [HospitalManagement] [restartedMain] o.s.s.web.DefaultSecurityFilterChain     : Will secure any request with [org.springframework.security.web.session.DisableEncodeUrlFilter@602f5902, org.springframework.security.web.context.request.async.WebAsyncManagerIntegrationFilter@30cbb701, org.springframework.security.web.context.SecurityContextHolderFilter@22c59150, org.springframework.security.web.header.HeaderWriterFilter@6691696d, org.springframework.security.web.authentication.logout.LogoutFilter@1e68d2a9, org.springframework.security.web.authentication.www.BasicAuthenticationFilter@62864640, org.springframework.security.web.savedrequest.RequestCacheAwareFilter@9d91244, org.springframework.security.web.servletapi.SecurityContextHolderAwareRequestFilter@1f8728a0, org.springframework.security.web.authentication.AnonymousAuthenticationFilter@20455b34, org.springframework.security.web.access.ExceptionTranslationFilter@48b54e29, org.springframework.security.web.access.intercept.AuthorizationFilter@76b05e8]
2024-11-11T11:00:43.649+05:30  INFO 21044 --- [HospitalManagement] [restartedMain] o.s.b.d.a.OptionalLiveReloadServer       : LiveReload server is running on port 35729
2024-11-11T11:00:43.714+05:30  INFO 21044 --- [HospitalManagement] [restartedMain] o.s.b.w.embedded.tomcat.TomcatWebServer  : Tomcat started on port 8080 (http) with context path ''
2024-11-11T11:00:43.731+05:30  INFO 21044 --- [HospitalManagement] [restartedMain] c.c.h.m.HospitalManagementApplication    : Started HospitalManagementApplication in 7.097 seconds (process running for 7.53)
2024-11-11T11:01:00.602+05:30  INFO 21044 --- [HospitalManagement] [http-nio-8080-exec-1] o.a.c.c.C.[Tomcat].[localhost].[/]       : Initializing Spring DispatcherServlet 'dispatcherServlet'
2024-11-11T11:01:00.603+05:30  INFO 21044 --- [HospitalManagement] [http-nio-8080-exec-1] o.s.web.servlet.DispatcherServlet        : Initializing Servlet 'dispatcherServlet'
2024-11-11T11:01:00.605+05:30  INFO 21044 --- [HospitalManagement] [http-nio-8080-exec-1] o.s.web.servlet.DispatcherServlet        : Completed initialization in 2 ms
2024-11-11T11:01:01.308+05:30  INFO 21044 --- [HospitalManagement] [http-nio-8080-exec-1] c.c.h.m.service.PatientServiceImpl       : PatientServiceImpl method called using @Slf4j For createPatient
2024-11-11T14:13:10.569+05:30  WARN 21044 --- [HospitalManagement] [HikariPool-1 housekeeper] com.zaxxer.hikari.pool.HikariPool        : HikariPool-1 - Thread starvation or clock leap detected (housekeeper delta=33m57s628ms811µs200ns).
2024-11-11T19:08:48.228+05:30  WARN 21044 --- [HospitalManagement] [HikariPool-1 housekeeper] com.zaxxer.hikari.pool.HikariPool        : HikariPool-1 - Thread starvation or clock leap detected (housekeeper delta=1h20m4s239ms435µs600ns).
